[2018-09-02 01:14:11] START
[2018-09-02 01:14:11] EDIT TrackR/views/default/index.html: 1
[2018-09-02 01:14:31] EDIT TrackR/views/default/index.html: 0
[2018-09-02 01:15:42] EDIT TrackR/views/default/index.html: 0
[2018-09-02 01:16:44] EDIT TrackR/views/default/index.html: -1
[2018-09-02 08:39:25] EDIT TrackR/views/default/index.html: 0
[2018-09-02 08:41:10] EDIT TrackR/views/default/index.html: 0
[2018-09-02 08:43:14] EDIT TrackR/views/default/index.html: 0
[2018-09-02 08:45:28] EDIT TrackR/views/default/index.html: 0
[2018-09-02 08:46:42] EDIT TrackR/views/default/index.html: 0
[2018-09-02 08:46:53] EDIT TrackR/views/default/index.html: 0
[2018-09-02 08:47:26] EDIT TrackR/views/default/index.html: 0
[2018-09-02 08:47:44] EDIT TrackR/views/default/index.html: 0
[2018-09-02 08:50:00] EDIT TrackR/views/default/index.html: 0
[2018-09-02 08:50:16] EDIT TrackR/views/default/index.html: 0
[2018-09-02 08:52:24] EDIT TrackR/views/default/index.html: 0
[2018-09-02 08:52:37] EDIT TrackR/views/default/index.html: 0
[2018-09-02 08:52:56] EDIT TrackR/views/default/index.html: 0
[2018-09-02 08:53:20] EDIT TrackR/views/default/index.html: 0
[2018-09-02 08:53:45] EDIT TrackR/views/default/index.html: 0
[2018-09-02 08:54:24] EDIT TrackR/views/default/index.html: 0
[2018-09-02 08:55:44] EDIT TrackR/views/default/index.html: 0
[2018-09-02 08:56:38] EDIT TrackR/views/default/index.html: 0
[2018-09-02 08:56:59] EDIT TrackR/views/default/index.html: 0
[2018-09-02 08:59:11] EDIT TrackR/views/default/index.html: 0
[2018-09-02 08:59:48] EDIT TrackR/views/default/index.html: 0
[2018-09-02 09:03:31] EDIT TrackR/views/default/index.html: 2
[2018-09-02 09:04:13] EDIT TrackR/views/default/index.html: -1
[2018-09-02 09:05:40] EDIT TrackR/views/default/index.html: 0
[2018-09-02 09:07:19] EDIT TrackR/views/default/index.html: 2
[2018-09-02 09:07:57] EDIT TrackR/views/default/index.html: 0
[2018-09-02 09:09:05] EDIT TrackR/views/default/index.html: 0
[2018-09-02 09:09:47] EDIT TrackR/views/default/index.html: 0
[2018-09-02 09:10:57] EDIT TrackR/views/default/index.html: 0
[2018-09-02 09:11:44] EDIT TrackR/views/default/index.html: -2
[2018-09-02 09:12:29] EDIT TrackR/views/default/index.html: 0
[2018-09-02 09:15:05] EDIT TrackR/views/default/index.html: 0
[2018-09-02 09:16:12] EDIT TrackR/views/default/index.html: -3
[2018-09-02 09:17:11] EDIT TrackR/views/default/index.html: 0
[2018-09-02 09:18:40] EDIT TrackR/views/default/index.html: 0
[2018-09-02 09:21:27] EDIT TrackR/views/default/index.html: -1
[2018-09-02 09:22:31] EDIT TrackR/views/default/index.html: 2
[2018-09-02 09:24:08] EDIT TrackR/views/default/index.html: -1
[2018-09-02 09:24:31] EDIT TrackR/views/default/index.html: 0
[2018-09-02 09:25:18] EDIT TrackR/views/default/index.html: 0
[2018-09-02 09:26:12] EDIT TrackR/views/default/index.html: 2
[2018-09-02 09:26:39] EDIT TrackR/views/default/index.html: 0
[2018-09-02 09:27:25] EDIT TrackR/views/default/index.html: 0
[2018-09-02 09:29:00] EDIT TrackR/views/default/index.html: 0
[2018-09-02 09:37:34] EDIT TrackR/views/default/index.html: 0
[2018-09-02 09:42:37] EDIT TrackR/views/default/index.html: 0
[2018-09-02 09:46:35] EDIT TrackR/views/default/index.html: 1
[2018-09-02 09:48:50] EDIT TrackR/views/default/index.html: 4
[2018-09-02 09:49:39] EDIT TrackR/views/default/index.html: 2
[2018-09-02 09:50:09] EDIT TrackR/views/default/index.html: 1
[2018-09-02 09:50:15] EDIT TrackR/views/default/index.html: 0
[2018-09-02 09:51:54] EDIT TrackR/views/default/index.html: 0
[2018-09-02 09:52:33] EDIT TrackR/views/default/index.html: 0
[2018-09-02 09:53:29] EDIT TrackR/views/default/index.html: 0
[2018-09-02 09:53:57] EDIT TrackR/views/default/index.html: 0
[2018-09-02 09:54:05] EDIT TrackR/views/default/index.html: 0
[2018-09-02 09:54:33] EDIT TrackR/views/default/index.html: 0
[2018-09-02 10:03:19] EDIT TrackR/views/default/index.html: 0
[2018-09-02 10:03:31] EDIT TrackR/views/default/index.html: 0
[2018-09-02 10:10:04] EDIT TrackR/views/default/index.html: 0
[2018-09-02 10:10:34] EDIT TrackR/views/default/index.html: 0
[2018-09-02 10:10:34] EDIT TrackR/views/default/index.html: 0
[2018-09-02 10:12:48] EDIT TrackR/views/default/index.html: -8
[2018-09-02 10:13:27] EDIT TrackR/views/default/index.html: 0
[2018-09-02 10:14:19] EDIT TrackR/views/default/index.html: 0
[2018-09-02 10:14:32] EDIT TrackR/views/default/index.html: 0
[2018-09-02 10:15:48] EDIT TrackR/views/default/index.html: 0
[2018-09-02 10:16:20] EDIT TrackR/views/default/index.html: 2
[2018-09-02 10:16:28] EDIT TrackR/views/default/index.html: 0
[2018-09-02 10:16:55] EDIT TrackR/views/default/index.html: 0
[2018-09-02 21:41:18] EDIT TrackR/views/othsec/DisplayXtermFormSniffer.html: 0
[2018-09-02 21:43:10] EDIT TrackR/views/othsec/DisplayXtermFormSnifferAndGeolocMap.html: 0
[2018-09-02 21:43:58] EDIT TrackR/views/othsec/DisplayXtermFormSnifferAndGeolocMap.html: 0
[2018-09-02 23:19:53] EDIT TrackR/views/default/index.html: 0
[2018-09-02 23:21:15] EDIT TrackR/views/default/index.html: 0
[2018-09-02 23:24:00] EDIT TrackR/views/default/index.html: 2
[2018-09-02 23:24:16] EDIT TrackR/views/default/index.html: 0
[2018-09-02 23:25:10] EDIT TrackR/views/default/index.html: 0
[2018-09-02 23:26:18] EDIT TrackR/views/default/index.html: 0
[2018-09-02 23:27:21] EDIT TrackR/views/default/index.html: 0
[2018-09-02 23:28:24] EDIT TrackR/views/default/index.html: 0
[2018-09-02 23:29:01] EDIT TrackR/views/default/index.html: 0
[2018-09-02 23:30:15] EDIT TrackR/views/default/index.html: 0
[2018-09-02 23:31:16] EDIT TrackR/views/default/index.html: 0
[2018-09-03 11:51:05] EDIT TrackR/views/default/index.html: 0
[2018-09-03 11:51:49] EDIT TrackR/views/default/index.html: 0
[2018-09-03 11:55:41] EDIT TrackR/views/othsec/ClientoThSecWebSocket.html: 10
[2018-09-03 11:56:41] EDIT TrackR/views/othsec/ClientoThSecWebSocket.html: 3
[2018-09-03 11:57:05] EDIT TrackR/views/othsec/ClientoThSecWebSocket.html: 0
[2018-09-03 11:57:46] EDIT TrackR/views/othsec/ClientoThSecWebSocket.html: 1
[2018-09-03 11:59:55] EDIT TrackR/views/othsec/ClientoThSecWebSocket.html: 12
[2018-09-03 12:00:16] EDIT TrackR/views/othsec/ClientoThSecWebSocket.html: -3
[2018-09-03 12:01:14] EDIT TrackR/views/othsec/ClientoThSecWebSocket.html: 0
[2018-09-03 12:02:34] EDIT TrackR/views/othsec/ClientoThSecWebSocket.html: 0
[2018-09-03 12:06:03] EDIT TrackR/views/othsec/ClientoThSecWebSocket.html: 0
[2018-09-03 12:08:28] EDIT TrackR/views/othsec/ClientoThSecWebSocket.html: 0
[2018-09-03 12:08:57] EDIT TrackR/views/othsec/ClientoThSecWebSocket.html: 0
[2018-09-03 12:10:27] EDIT TrackR/views/othsec/ClientoThSecWebSocket.html: 0
[2018-09-03 12:14:27] EDIT TrackR/views/default/index.html: 0
[2018-09-03 12:15:13] EDIT TrackR/views/default/index.html: 0
[2018-09-03 12:27:42] EDIT TrackR/views/default/index.html: 0
[2018-09-03 12:28:58] EDIT TrackR/views/default/index.html: 0
[2018-09-03 12:30:00] EDIT TrackR/views/default/index.html: -1
[2018-09-03 12:31:15] EDIT TrackR/views/default/index.html: 0
[2018-09-03 12:31:56] EDIT TrackR/views/default/index.html: 2
[2018-09-03 12:32:09] EDIT TrackR/views/default/index.html: 0
[2018-09-03 12:32:57] EDIT TrackR/views/default/index.html: 0
[2018-09-03 12:33:24] EDIT TrackR/views/default/index.html: 0
[2018-09-03 12:33:42] EDIT TrackR/views/default/index.html: 0
[2018-09-03 12:34:08] EDIT TrackR/views/default/index.html: 0
[2018-09-03 12:44:24] EDIT TrackR/views/default/index.html: 0
[2018-09-03 12:45:04] EDIT TrackR/views/default/index.html: 0
[2018-09-03 12:45:30] EDIT TrackR/views/default/index.html: 0
[2018-09-03 12:45:57] EDIT TrackR/views/default/index.html: 0
[2018-09-03 12:56:41] EDIT TrackR/models/0.py: 0
[2018-09-03 12:56:52] EDIT TrackR/models/0.py: 0
[2018-09-03 12:57:15] EDIT TrackR/models/0.py: 0
[2018-09-03 12:59:34] EDIT TrackR/views/layout.html: 0
[2018-09-03 12:59:57] EDIT TrackR/views/layout.html: 0
[2018-09-03 13:02:03] EDIT TrackR/views/layout.html: 0
[2018-09-03 20:47:11] EDIT TrackR/LICENSE: 0
[2018-09-04 20:58:46] EDIT TrackR/views/trackrctrl/DisplayMachLearnUnsup_IPANALYZED.html: 2
[2018-09-04 21:20:53] EDIT TrackR/views/trackrctrl/DisplayMachLearnUnsup_OTHSEC.html: 0
[2018-09-04 21:22:10] EDIT TrackR/views/trackrctrl/DisplayMachLearnUnsup_OTHSEC.html: 0
[2018-09-04 21:24:22] EDIT TrackR/views/trackrctrl/DisplayMachLearnUnsup_OTHSEC.html: 2
[2018-09-04 21:27:18] EDIT TrackR/views/trackrctrl/DisplayMachLearnUnsup_OTHSEC.html: -8
[2018-09-04 21:34:35] EDIT TrackR/views/trackrctrl/DisplayMachLearnUnsup_OTHSEC.html: 0
[2018-09-04 21:35:16] EDIT TrackR/views/trackrctrl/DisplayMachLearnUnsup_OTHSEC.html: 0
[2018-09-04 21:37:31] EDIT TrackR/views/trackrctrl/DisplayMachLearnUnsup_OTHSEC.html: 0
[2018-09-04 21:42:44] EDIT TrackR/views/trackrctrl/DisplayMachLearnUnsup_OTHSEC.html: 0
[2018-09-04 21:47:46] EDIT TrackR/views/trackrctrl/DisplayMachLearnUnsup_OTHSEC.html: 14
[2018-09-04 21:50:15] EDIT TrackR/views/trackrctrl/DisplayMachLearnUnsup_OTHSEC.html: 0
[2018-09-04 21:51:11] EDIT TrackR/views/trackrctrl/DisplayMachLearnUnsup_OTHSEC.html: 12
[2018-09-04 21:52:03] EDIT TrackR/views/trackrctrl/DisplayMachLearnUnsup_OTHSEC.html: 0
[2018-09-04 21:52:04] EDIT TrackR/views/trackrctrl/DisplayMachLearnUnsup_OTHSEC.html: 0
[2018-09-04 22:01:41] EDIT TrackR/controllers/trackrctrl.py: 0
[2018-09-04 22:01:57] EDIT TrackR/controllers/trackrctrl.py: 0
[2018-09-04 22:02:33] EDIT TrackR/views/trackrctrl/DisplayMachLearnUnsup_IPANALYZED.html: 1
[2018-09-04 22:03:45] EDIT TrackR/views/trackrctrl/DisplayMachLearnUnsup_IPANALYZED.html: -7
[2018-09-04 22:04:20] EDIT TrackR/views/trackrctrl/DisplayMachLearnUnsup_IPANALYZED.html: -17
[2018-09-04 22:05:25] EDIT TrackR/views/trackrctrl/DisplayMachLearnUnsup_IPANALYZED.html: 0
[2018-09-04 22:05:34] EDIT TrackR/views/trackrctrl/DisplayMachLearnUnsup_IPANALYZED.html: 0
[2018-09-04 22:06:03] EDIT TrackR/views/trackrctrl/DisplayMachLearnUnsup_IPANALYZED.html: -2
[2018-09-04 22:07:54] EDIT TrackR/views/trackrctrl/DisplayMachLearnUnsup_IPANALYZED.html: 0
[2018-09-04 22:08:00] EDIT TrackR/views/trackrctrl/DisplayMachLearnUnsup_OTHSEC.html: 0
[2018-09-04 22:14:52] EDIT TrackR/views/trackrctrl/DisplayMachLearnUnsup_IPANALYZED.html: 0
[2018-09-04 23:08:38] EDIT TrackR/views/trackrctrl/DisplayMachLearnUnsup_IPANALYZED.html: -1
[2018-09-04 23:13:27] EDIT TrackR/views/trackrctrl/DisplayMachLearnUnsup_IPANALYZED.html: 14
[2018-09-04 23:15:12] EDIT TrackR/views/trackrctrl/DisplayMachLearnUnsup_IPANALYZED.html: -1
[2018-09-06 11:52:58] EDIT TrackR/views/othsec/ClientoThSecWebSocket.html: 0
[2018-09-06 11:53:07] EDIT TrackR/views/othsec/ClientoThSecWebSocket.html: 0
[2018-09-06 11:53:19] EDIT TrackR/views/othsec/ClientoThSecWebSocket.html: 0
[2018-09-06 11:54:21] EDIT TrackR/views/othsec/ClientoThSecWebSocket.html: 0
[2018-09-06 11:55:52] EDIT TrackR/views/othsec/ClientoThSecWebSocket.html: 0
[2018-09-06 11:56:46] EDIT TrackR/views/othsec/ClientoThSecWebSocket.html: 0
[2018-09-06 11:57:53] EDIT TrackR/views/othsec/ClientoThSecWebSocket.html: 0
[2018-09-06 11:58:15] EDIT TrackR/views/othsec/ClientoThSecWebSocket.html: 0
[2018-09-06 11:58:47] EDIT TrackR/views/othsec/ClientoThSecWebSocket.html: 0
[2018-09-06 12:26:11] EDIT TrackR/views/othsec/ClientoThSecWebSocket.html: 3
[2018-09-06 12:26:58] EDIT TrackR/views/othsec/ClientoThSecWebSocket.html: 0
[2018-09-06 12:27:54] EDIT TrackR/views/othsec/ClientoThSecWebSocket.html: 0
[2018-09-06 12:30:08] EDIT TrackR/views/othsec/ClientoThSecWebSocket.html: 2
[2018-09-06 12:30:45] EDIT TrackR/views/othsec/ClientoThSecWebSocket.html: 0
[2018-09-06 12:31:11] EDIT TrackR/views/othsec/ClientoThSecWebSocket.html: 0
[2018-09-06 12:31:24] EDIT TrackR/views/othsec/ClientoThSecWebSocket.html: 0
[2018-09-06 12:33:22] EDIT TrackR/views/othsec/ClientoThSecWebSocket.html: -2
[2018-09-06 12:33:45] EDIT TrackR/views/othsec/ClientoThSecWebSocket.html: 0
[2018-09-06 12:34:12] EDIT TrackR/views/othsec/ClientoThSecWebSocket.html: 0
[2018-09-06 13:17:05] EDIT TrackR/views/othsec/ClientoThSecWebSocket.html: 0
[2018-09-06 13:17:46] EDIT TrackR/views/othsec/ClientoThSecWebSocket.html: 0
[2018-09-06 13:24:57] EDIT TrackR/views/othsec/ClientoThSecWebSocket.html: 1
[2018-09-06 13:26:56] EDIT TrackR/views/othsec/ClientoThSecWebSocket.html: 0
[2018-09-06 13:28:05] EDIT TrackR/views/othsec/ClientoThSecWebSocket.html: -1
[2018-09-06 13:28:46] EDIT TrackR/views/othsec/ClientoThSecWebSocket.html: 0
[2018-09-06 13:29:17] EDIT TrackR/views/othsec/ClientoThSecWebSocket.html: 0
[2018-09-06 17:35:46] EDIT TrackR/views/othsec/ClientoThSecWebSocket.html: -2
[2018-09-06 17:36:54] EDIT TrackR/views/othsec/ClientoThSecWebSocket.html: 0
[2018-09-06 17:37:52] EDIT TrackR/views/othsec/ClientoThSecWebSocket.html: 0
[2018-09-06 17:38:38] EDIT TrackR/views/othsec/ClientoThSecWebSocket.html: 0
[2018-09-06 17:39:07] EDIT TrackR/views/othsec/ClientoThSecWebSocket.html: 0
[2018-09-06 17:39:44] EDIT TrackR/views/othsec/ClientoThSecWebSocket.html: 1
[2018-09-06 17:40:29] EDIT TrackR/views/othsec/ClientoThSecWebSocket.html: 2
[2018-09-06 17:40:56] EDIT TrackR/views/othsec/ClientoThSecWebSocket.html: 0
[2018-09-06 17:41:22] EDIT TrackR/views/othsec/ClientoThSecWebSocket.html: -1
[2018-09-06 17:41:51] EDIT TrackR/views/othsec/ClientoThSecWebSocket.html: 0
[2018-09-06 17:42:13] EDIT TrackR/views/othsec/ClientoThSecWebSocket.html: 0
[2018-09-06 17:43:20] EDIT TrackR/views/othsec/ClientoThSecWebSocket.html: 0
[2018-09-06 17:44:18] EDIT TrackR/views/othsec/ClientoThSecWebSocket.html: -1
[2018-09-06 17:44:52] EDIT TrackR/views/othsec/ClientoThSecWebSocket.html: -1
[2018-09-06 17:45:54] EDIT TrackR/views/othsec/ClientoThSecWebSocket.html: 1
[2018-09-06 17:46:13] EDIT TrackR/views/othsec/ClientoThSecWebSocket.html: -1
[2018-09-06 17:46:47] EDIT TrackR/views/othsec/ClientoThSecWebSocket.html: 0
[2018-09-06 17:47:40] EDIT TrackR/views/othsec/ClientoThSecWebSocket.html: 0
[2018-09-06 18:01:57] EDIT TrackR/models/menu.py: 0
[2018-09-06 18:03:24] EDIT TrackR/views/default/index.html: 0
[2018-09-06 18:03:57] EDIT TrackR/views/default/index.html: 0
[2018-09-06 18:05:26] EDIT TrackR/views/default/index.html: 0
[2018-09-06 18:06:23] EDIT TrackR/views/default/index.html: 0
[2018-09-06 18:09:50] EDIT TrackR/views/othsec/DisplayXtermFormSnifferAndGeolocMap.html: 0
[2018-09-06 18:15:11] EDIT TrackR/controllers/othsec.py: 1
[2018-09-06 18:16:19] EDIT TrackR/controllers/othsec.py: 0
[2018-09-06 18:16:21] EDIT TrackR/controllers/othsec.py: 0
[2018-09-06 18:16:43] EDIT TrackR/controllers/othsec.py: 0
[2018-09-06 18:17:14] EDIT TrackR/controllers/othsec.py: 0
[2018-09-06 18:18:38] EDIT TrackR/views/othsec/DisplayXtermFormSnifferAndGeolocMap.html: 2
[2018-09-06 18:19:26] EDIT TrackR/views/othsec/DisplayXtermFormSnifferAndGeolocMap.html: 0
[2018-09-06 18:20:31] EDIT TrackR/views/othsec/DisplayXtermFormSnifferAndGeolocMap.html: 8
[2018-09-06 18:20:53] EDIT TrackR/views/othsec/DisplayXtermFormSnifferAndGeolocMap.html: -2
[2018-09-06 18:21:20] EDIT TrackR/views/othsec/DisplayXtermFormSnifferAndGeolocMap.html: 0
[2018-09-06 18:22:03] EDIT TrackR/views/othsec/DisplayXtermFormSnifferAndGeolocMap.html: 0
[2018-09-06 18:22:44] EDIT TrackR/views/othsec/DisplayXtermFormSnifferAndGeolocMap.html: 0
[2018-09-06 18:24:17] EDIT TrackR/views/othsec/DisplayXtermFormSnifferAndGeolocMap.html: 0
[2018-09-06 18:32:25] EDIT TrackR/views/othsec/DisplayXtermFormSnifferAndGeolocMap.html: 0
[2018-09-06 20:46:26] EDIT TrackR/models/db.py: 6
[2018-09-06 20:46:34] EDIT TrackR/models/db.py: 0
[2018-09-06 20:46:41] EDIT TrackR/models/db.py: 0
[2018-09-06 20:46:44] EDIT TrackR/models/db.py: 0
[2018-09-06 20:46:56] EDIT TrackR/models/db.py: 0
[2018-09-06 20:48:29] EDIT TrackR/models/db.py: 0
[2018-09-06 21:20:31] EDIT TrackR/views/othsec/DisplayXtermFormSnifferAndGeolocMap.html: 1
[2018-09-06 21:24:53] EDIT TrackR/views/othsec/DisplayXtermFormSnifferAndGeolocMap.html: 0
[2018-09-06 21:25:33] EDIT TrackR/views/othsec/DisplayXtermFormSnifferAndGeolocMap.html: 0
[2018-09-06 21:27:19] EDIT TrackR/views/othsec/DisplayXtermFormSnifferAndGeolocMap.html: 0
[2018-09-06 21:27:24] EDIT TrackR/views/othsec/DisplayXtermFormSnifferAndGeolocMap.html: 0
[2018-09-06 21:28:52] EDIT TrackR/views/othsec/DisplayXtermFormSnifferAndGeolocMap.html: 0
[2018-09-06 21:35:01] EDIT TrackR/views/othsec/DisplayXtermFormSnifferAndGeolocMap.html: 0
[2018-09-06 21:35:15] EDIT TrackR/views/othsec/DisplayXtermFormSnifferAndGeolocMap.html: 0
[2018-09-06 21:35:28] EDIT TrackR/views/othsec/DisplayXtermFormSnifferAndGeolocMap.html: 0
[2018-09-06 21:46:54] EDIT TrackR/views/othsec/DisplayXtermFormSnifferAndGeolocMap.html: 0
[2018-09-06 23:06:19] EDIT TrackR/controllers/trackrctrl.py: 0
[2018-09-06 23:10:04] EDIT TrackR/controllers/trackrctrl.py: 0
[2018-09-06 23:10:13] EDIT TrackR/controllers/trackrctrl.py: 0
[2018-09-06 23:13:06] EDIT TrackR/controllers/trackrctrl.py: 0
[2018-09-06 23:14:44] EDIT TrackR/controllers/trackrctrl.py: 0
[2018-09-06 23:15:35] EDIT TrackR/controllers/trackrctrl.py: 0
[2018-09-06 23:15:46] EDIT TrackR/controllers/trackrctrl.py: 0
[2018-09-06 23:19:37] EDIT TrackR/controllers/trackrctrl.py: 0
[2018-09-06 23:22:30] EDIT TrackR/controllers/trackrctrl.py: 0
[2018-09-06 23:29:47] EDIT TrackR/controllers/trackrctrl.py: 0
[2018-09-06 23:37:43] EDIT TrackR/controllers/trackrctrl.py: 0
[2018-09-06 23:40:33] EDIT TrackR/controllers/trackrctrl.py: 0
[2018-09-06 23:44:29] EDIT TrackR/controllers/trackrctrl.py: 0
[2018-09-06 23:47:32] EDIT TrackR/controllers/trackrctrl.py: 0
[2018-09-06 23:50:47] EDIT TrackR/controllers/trackrctrl.py: 1
[2018-09-06 23:53:41] EDIT TrackR/controllers/trackrctrl.py: 0
[2018-09-06 23:58:08] EDIT TrackR/controllers/trackrctrl.py: 1
[2018-09-06 23:58:29] EDIT TrackR/controllers/trackrctrl.py: 0
[2018-09-07 00:02:06] EDIT TrackR/controllers/trackrctrl.py: 1
[2018-09-07 00:02:13] EDIT TrackR/controllers/trackrctrl.py: 0
[2018-09-07 00:07:11] EDIT TrackR/controllers/trackrctrl.py: 1
[2018-09-07 00:10:12] EDIT TrackR/controllers/trackrctrl.py: 0
[2018-09-07 00:13:30] EDIT TrackR/controllers/trackrctrl.py: 1
[2018-09-07 00:16:38] EDIT TrackR/controllers/trackrctrl.py: 1
[2018-09-07 00:20:41] EDIT TrackR/controllers/trackrctrl.py: 0
[2018-09-07 00:26:25] EDIT TrackR/views/trackrctrl/DisplayMachLearnUnsup_OTHSEC.html: 0
[2018-09-07 00:33:46] EDIT TrackR/views/trackrctrl/DisplayMachLearnUnsup_OTHSEC.html: 3
[2018-09-07 01:10:39] EDIT TrackR/views/trackrctrl/DisplayMachLearnUnsup_IPANALYZED.html: -1
[2018-09-07 01:11:05] EDIT TrackR/views/trackrctrl/DisplayMachLearnUnsup_IPANALYZED.html: 1
[2018-09-07 01:18:49] EDIT TrackR/controllers/trackrctrl.py: 2
[2018-09-07 01:19:05] EDIT TrackR/controllers/trackrctrl.py: 0
[2018-09-07 01:19:43] EDIT TrackR/controllers/trackrctrl.py: 0
[2018-09-07 01:20:22] EDIT TrackR/controllers/trackrctrl.py: 0
[2018-09-07 01:30:28] EDIT TrackR/controllers/trackrctrl.py: 0
[2018-09-07 01:31:19] EDIT TrackR/controllers/trackrctrl.py: 0
[2018-09-08 23:27:05] EDIT TrackR/views/trackrctrl/DisplayMachLearnUnsup_IPANALYZED.html: -42
[2018-09-08 23:28:04] EDIT TrackR/views/trackrctrl/DisplayMachLearnUnsup_IPANALYZED.html: 16
[2018-09-08 23:28:48] EDIT TrackR/views/trackrctrl/DisplayMachLearnUnsup_IPANALYZED.html: 12
[2018-09-08 23:29:41] EDIT TrackR/views/trackrctrl/DisplayMachLearnUnsup_IPANALYZED.html: 0
[2018-09-08 23:34:59] EDIT TrackR/views/trackrctrl/DisplayMachLearnUnsup_IPANALYZED.html: 14
[2018-09-08 23:35:07] EDIT TrackR/views/trackrctrl/DisplayMachLearnUnsup_IPANALYZED.html: 0
[2018-09-08 23:35:50] EDIT TrackR/views/trackrctrl/DisplayMachLearnUnsup_IPANALYZED.html: 0
[2018-09-08 23:40:58] EDIT TrackR/views/trackrctrl/DisplayMachLearnUnsup_IPANALYZED.html: 1
[2018-09-08 23:42:43] EDIT TrackR/views/trackrctrl/DisplayMachLearnUnsup_IPANALYZED.html: 0
[2018-09-08 23:43:04] EDIT TrackR/views/trackrctrl/DisplayMachLearnUnsup_IPANALYZED.html: 0
[2018-09-08 23:43:56] EDIT TrackR/views/trackrctrl/DisplayMachLearnUnsup_IPANALYZED.html: 0
[2018-09-08 23:44:04] EDIT TrackR/views/trackrctrl/DisplayMachLearnUnsup_IPANALYZED.html: 0
[2018-09-08 23:46:18] EDIT TrackR/views/trackrctrl/DisplayMachLearnUnsup_IPANALYZED.html: 0
[2018-09-08 23:47:43] EDIT TrackR/views/trackrctrl/DisplayMachLearnUnsup_IPANALYZED.html: 0
[2018-09-08 23:48:17] EDIT TrackR/views/trackrctrl/DisplayMachLearnUnsup_IPANALYZED.html: 0
[2018-09-09 00:16:33] EDIT TrackR/views/trackrctrl/DisplayMachLearnUnsup_IPANALYZED.html: 0
[2018-09-09 00:17:19] EDIT TrackR/views/trackrctrl/DisplayMachLearnUnsup_IPANALYZED.html: 0
[2018-09-09 00:18:11] EDIT TrackR/views/trackrctrl/DisplayMachLearnUnsup_IPANALYZED.html: 0
[2018-09-09 00:19:59] EDIT TrackR/views/trackrctrl/DisplayMachLearnUnsup_IPANALYZED.html: 1
[2018-09-09 00:20:07] EDIT TrackR/views/trackrctrl/DisplayMachLearnUnsup_IPANALYZED.html: 0
[2018-09-09 00:21:18] EDIT TrackR/views/trackrctrl/DisplayMachLearnUnsup_IPANALYZED.html: 0
[2018-09-09 00:21:53] EDIT TrackR/views/trackrctrl/DisplayMachLearnUnsup_IPANALYZED.html: 0
[2018-09-09 00:42:09] EDIT TrackR/views/trackrctrl/DisplayMachLearnUnsup_IPANALYZED.html: 7
[2018-09-09 00:47:07] EDIT TrackR/views/trackrctrl/DisplayMachLearnUnsup_IPANALYZED.html: 0
[2018-09-09 00:49:44] EDIT TrackR/views/trackrctrl/DisplayMachLearnUnsup_IPANALYZED.html: 1
[2018-09-09 00:50:13] EDIT TrackR/views/trackrctrl/DisplayMachLearnUnsup_IPANALYZED.html: 0
[2018-09-09 00:57:59] EDIT TrackR/controllers/trackrctrl.py: 1
[2018-09-09 00:58:27] EDIT TrackR/controllers/trackrctrl.py: 0
[2018-09-09 01:02:00] EDIT TrackR/controllers/trackrctrl.py: 0
[2018-09-09 01:02:20] EDIT TrackR/controllers/trackrctrl.py: 0
[2018-09-09 01:05:12] EDIT TrackR/controllers/trackrctrl.py: 0
[2018-09-09 01:11:11] EDIT TrackR/controllers/trackrctrl.py: 0
[2018-09-09 01:12:04] EDIT TrackR/controllers/trackrctrl.py: 0
[2018-09-09 01:15:03] EDIT TrackR/controllers/trackrctrl.py: 2
[2018-09-09 10:08:15] EDIT TrackR/controllers/trackrctrl.py: 0
[2018-09-09 10:09:23] EDIT TrackR/controllers/trackrctrl.py: 1
[2018-09-09 10:10:15] EDIT TrackR/controllers/trackrctrl.py: 0
[2018-09-09 10:11:03] EDIT TrackR/controllers/trackrctrl.py: 1
[2018-09-09 10:11:18] EDIT TrackR/controllers/trackrctrl.py: 0
[2018-09-09 10:14:13] EDIT TrackR/controllers/trackrctrl.py: 28
[2018-09-09 10:18:32] EDIT TrackR/controllers/trackrctrl.py: 0
[2018-09-09 10:18:42] EDIT TrackR/controllers/trackrctrl.py: 0
[2018-09-09 10:21:25] EDIT TrackR/controllers/trackrctrl.py: 0
[2018-09-09 10:22:03] EDIT TrackR/controllers/trackrctrl.py: 0
[2018-09-09 10:22:49] EDIT TrackR/controllers/trackrctrl.py: 0
[2018-09-09 10:23:45] EDIT TrackR/controllers/trackrctrl.py: 0
[2018-09-09 10:24:04] EDIT TrackR/controllers/trackrctrl.py: 0
[2018-09-09 10:24:29] EDIT TrackR/controllers/trackrctrl.py: 0
[2018-09-09 10:24:49] EDIT TrackR/controllers/trackrctrl.py: 0
[2018-09-09 10:25:19] EDIT TrackR/controllers/trackrctrl.py: 0
[2018-09-09 10:25:45] EDIT TrackR/controllers/trackrctrl.py: 0
[2018-09-09 10:26:21] EDIT TrackR/controllers/trackrctrl.py: 0
[2018-09-09 10:27:14] EDIT TrackR/controllers/trackrctrl.py: 0
[2018-09-09 10:28:05] EDIT TrackR/controllers/trackrctrl.py: 0
[2018-09-09 10:29:36] EDIT TrackR/controllers/trackrctrl.py: 0
[2018-09-09 10:29:48] EDIT TrackR/controllers/trackrctrl.py: 0
[2018-09-09 10:29:54] EDIT TrackR/controllers/trackrctrl.py: 0
[2018-09-09 10:30:39] EDIT TrackR/controllers/trackrctrl.py: 0
[2018-09-09 10:31:15] EDIT TrackR/controllers/trackrctrl.py: 0
[2018-09-09 10:31:49] EDIT TrackR/controllers/trackrctrl.py: 0
[2018-09-09 10:32:51] EDIT TrackR/controllers/trackrctrl.py: 0
[2018-09-09 10:33:18] EDIT TrackR/controllers/trackrctrl.py: 0
[2018-09-09 10:33:43] EDIT TrackR/controllers/trackrctrl.py: 0
[2018-09-09 10:34:08] EDIT TrackR/controllers/trackrctrl.py: 0
[2018-09-10 10:40:10] EDIT TrackR/controllers/trackrctrl.py: 3
[2018-09-10 10:41:01] EDIT TrackR/controllers/trackrctrl.py: 0
[2018-09-10 10:42:04] EDIT TrackR/views/trackrctrl/DisplayTrackRClientIPGeo.html: 0
[2018-09-10 10:45:14] EDIT TrackR/views/trackrctrl/DisplayMachLearnUnsup_IPANALYZED.html: 1
[2018-09-10 10:48:47] EDIT TrackR/views/trackrctrl/DisplayMachLearnUnsup_IPANALYZED.html: 3
[2018-09-10 10:49:31] EDIT TrackR/views/trackrctrl/DisplayMachLearnUnsup_IPANALYZED.html: 0
[2018-09-10 10:57:09] EDIT TrackR/controllers/trackrctrl.py: 0
[2018-09-10 11:00:02] EDIT TrackR/controllers/trackrctrl.py: 0
[2018-09-10 11:00:42] EDIT TrackR/controllers/trackrctrl.py: 0
[2018-09-10 11:02:29] EDIT TrackR/views/trackrctrl/DisplayMachLearnUnsup_IPANALYZED.html: 1
[2018-09-10 11:09:01] EDIT TrackR/controllers/trackrctrl.py: 1
[2018-09-10 11:10:37] EDIT TrackR/controllers/trackrctrl.py: 0
[2018-09-10 11:10:55] EDIT TrackR/controllers/trackrctrl.py: 0
[2018-09-10 11:10:57] EDIT TrackR/controllers/trackrctrl.py: 0
[2018-09-10 11:12:03] EDIT TrackR/controllers/trackrctrl.py: 0
[2018-09-10 11:14:33] EDIT TrackR/controllers/trackrctrl.py: 0
[2018-09-10 11:16:44] EDIT TrackR/controllers/trackrctrl.py: 0
[2018-09-10 11:17:54] EDIT TrackR/controllers/trackrctrl.py: 0
[2018-09-10 11:26:57] EDIT TrackR/controllers/trackrctrl.py: 0
[2018-09-10 11:27:47] EDIT TrackR/controllers/trackrctrl.py: 0
[2018-09-10 11:32:24] EDIT TrackR/views/trackrctrl/DisplayMachLearnUnsup_IPANALYZED.html: 6
[2018-09-10 11:32:59] EDIT TrackR/controllers/trackrctrl.py: 0
[2018-09-10 11:33:04] EDIT TrackR/controllers/trackrctrl.py: 0
[2018-09-10 11:33:12] EDIT TrackR/views/trackrctrl/DisplayMachLearnUnsup_IPANALYZED.html: 0
[2018-09-10 11:33:42] EDIT TrackR/views/trackrctrl/DisplayMachLearnUnsup_IPANALYZED.html: 0
[2018-09-10 11:34:53] EDIT TrackR/views/trackrctrl/DisplayMachLearnUnsup_IPANALYZED.html: -2
[2018-09-10 11:40:45] EDIT TrackR/views/trackrctrl/DisplayMachLearnUnsup_IPANALYZED.html: -7
[2018-09-10 11:47:08] EDIT TrackR/controllers/trackrctrl.py: 0
[2018-09-10 11:47:30] EDIT TrackR/controllers/trackrctrl.py: 0
[2018-09-10 11:48:52] EDIT TrackR/controllers/trackrctrl.py: 0
[2018-09-10 11:53:23] EDIT TrackR/views/trackrctrl/DisplayMachLearnUnsup_IPANALYZED.html: 1
[2018-09-10 11:56:14] EDIT TrackR/controllers/trackrctrl.py: 3
[2018-09-10 11:57:01] EDIT TrackR/controllers/trackrctrl.py: 0
[2018-09-10 11:59:55] EDIT TrackR/controllers/trackrctrl.py: 0
[2018-09-10 12:02:12] EDIT TrackR/controllers/trackrctrl.py: 0
[2018-09-10 12:03:23] EDIT TrackR/controllers/trackrctrl.py: 0
[2018-09-10 12:05:57] EDIT TrackR/controllers/trackrctrl.py: 0
[2018-09-10 12:06:26] EDIT TrackR/controllers/trackrctrl.py: 1
[2018-09-10 12:08:34] EDIT TrackR/controllers/trackrctrl.py: 0
[2018-09-10 12:09:19] EDIT TrackR/controllers/trackrctrl.py: 0
[2018-09-10 12:09:41] EDIT TrackR/controllers/trackrctrl.py: 0
[2018-09-10 12:11:10] EDIT TrackR/controllers/trackrctrl.py: 0
[2018-09-10 12:11:36] EDIT TrackR/controllers/trackrctrl.py: 0
[2018-09-10 12:18:28] EDIT TrackR/controllers/trackrctrl.py: 0
[2018-09-10 12:20:16] EDIT TrackR/views/trackrctrl/DisplayMachLearnUnsup_IPANALYZED.html: 1
[2018-09-10 12:23:12] EDIT TrackR/views/trackrctrl/DisplayMachLearnUnsup_IPANALYZED.html: 0
[2018-09-10 12:24:09] EDIT TrackR/controllers/trackrctrl.py: 1
[2018-09-10 12:24:18] EDIT TrackR/controllers/trackrctrl.py: 0
[2018-09-10 12:26:53] EDIT TrackR/controllers/trackrctrl.py: 0
[2018-09-10 12:29:54] EDIT TrackR/controllers/trackrctrl.py: 0
[2018-09-10 12:30:31] EDIT TrackR/controllers/trackrctrl.py: 0
[2018-09-10 12:31:12] EDIT TrackR/controllers/trackrctrl.py: 0
[2018-09-10 12:32:39] EDIT TrackR/controllers/trackrctrl.py: 0
[2018-09-10 12:33:15] EDIT TrackR/controllers/trackrctrl.py: 0
[2018-09-10 12:33:59] EDIT TrackR/controllers/trackrctrl.py: 0
[2018-09-10 12:38:03] EDIT TrackR/controllers/trackrctrl.py: 0
[2018-09-10 12:38:20] EDIT TrackR/controllers/trackrctrl.py: 0
[2018-09-10 13:10:06] EDIT TrackR/views/trackrctrl/DisplayMachLearnUnsup_IPANALYZED.html: 0
[2018-09-10 13:11:16] EDIT TrackR/controllers/trackrctrl.py: 0
[2018-09-10 13:11:28] EDIT TrackR/controllers/trackrctrl.py: 0
[2018-09-10 13:12:36] EDIT TrackR/controllers/trackrctrl.py: 0
[2018-09-10 13:13:10] EDIT TrackR/controllers/trackrctrl.py: 0
[2018-09-10 13:13:13] EDIT TrackR/views/trackrctrl/DisplayMachLearnUnsup_IPANALYZED.html: 0
[2018-09-10 13:13:23] EDIT TrackR/views/trackrctrl/DisplayMachLearnUnsup_IPANALYZED.html: 0
[2018-09-10 14:09:53] EDIT TrackR/views/trackrctrl/DisplayMachLearnUnsup_IPANALYZED.html: 11
[2018-09-10 14:10:02] EDIT TrackR/views/trackrctrl/DisplayMachLearnUnsup_IPANALYZED.html: 0
[2018-09-10 14:10:36] EDIT TrackR/views/trackrctrl/DisplayMachLearnUnsup_IPANALYZED.html: 0
[2018-09-10 14:11:45] EDIT TrackR/controllers/trackrctrl.py: 1
[2018-09-10 14:11:51] EDIT TrackR/controllers/trackrctrl.py: 0
[2018-09-10 14:13:42] EDIT TrackR/views/trackrctrl/DisplayMachLearnUnsup_IPANALYZED.html: 0
[2018-09-10 14:14:11] EDIT TrackR/views/trackrctrl/DisplayMachLearnUnsup_IPANALYZED.html: 0
[2018-09-10 14:17:11] EDIT TrackR/views/trackrctrl/DisplayMachLearnUnsup_IPANALYZED.html: 1
[2018-09-10 14:18:10] EDIT TrackR/views/trackrctrl/DisplayMachLearnUnsup_IPANALYZED.html: 0
[2018-09-10 14:18:17] EDIT TrackR/views/trackrctrl/DisplayMachLearnUnsup_IPANALYZED.html: 0
[2018-09-10 14:36:07] EDIT TrackR/views/trackrctrl/DisplayMachLearnUnsup_IPANALYZED.html: 4
[2018-09-10 14:36:42] EDIT TrackR/views/trackrctrl/DisplayMachLearnUnsup_IPANALYZED.html: 0
[2018-09-10 14:38:47] EDIT TrackR/views/trackrctrl/DisplayMachLearnUnsup_IPANALYZED.html: 0
[2018-09-10 14:39:43] EDIT TrackR/views/trackrctrl/DisplayMachLearnUnsup_IPANALYZED.html: 0
[2018-09-10 14:40:34] EDIT TrackR/views/trackrctrl/DisplayMachLearnUnsup_IPANALYZED.html: 0
[2018-09-10 15:05:44] EDIT TrackR/views/trackrctrl/DisplayMachLearnUnsup_IPANALYZED.html: 12
[2018-09-10 15:06:38] EDIT TrackR/views/trackrctrl/DisplayMachLearnUnsup_IPANALYZED.html: 0
[2018-09-10 15:07:32] EDIT TrackR/views/trackrctrl/DisplayMachLearnUnsup_IPANALYZED.html: 0
[2018-09-10 15:10:14] EDIT TrackR/views/trackrctrl/DisplayMachLearnUnsup_IPANALYZED.html: 4
[2018-09-10 15:11:38] EDIT TrackR/views/trackrctrl/DisplayMachLearnUnsup_IPANALYZED.html: 6
[2018-09-10 15:12:26] EDIT TrackR/views/trackrctrl/DisplayMachLearnUnsup_IPANALYZED.html: 0
[2018-09-10 15:13:12] EDIT TrackR/views/trackrctrl/DisplayMachLearnUnsup_IPANALYZED.html: 0
[2018-09-10 15:21:12] EDIT TrackR/views/trackrctrl/DisplayMachLearnUnsup_IPANALYZED.html: 0
[2018-09-10 15:22:01] EDIT TrackR/views/trackrctrl/DisplayMachLearnUnsup_IPANALYZED.html: 0
[2018-09-10 15:37:19] EDIT TrackR/controllers/trackrctrl.py: 3
[2018-09-10 15:49:37] EDIT TrackR/controllers/trackrctrl.py: 0
[2018-09-10 15:51:22] EDIT TrackR/views/trackrctrl/DisplayMachLearnUnsup_IPANALYZED.html: -2
[2018-09-10 15:53:12] EDIT TrackR/views/trackrctrl/DisplayMachLearnUnsup_IPANALYZED.html: 0
[2018-09-10 15:53:50] EDIT TrackR/views/trackrctrl/DisplayMachLearnUnsup_IPANALYZED.html: 0
[2018-09-10 15:54:44] EDIT TrackR/controllers/trackrctrl.py: 0
[2018-09-10 15:55:49] EDIT TrackR/views/trackrctrl/DisplayMachLearnUnsup_IPANALYZED.html: 0
[2018-09-10 15:55:57] EDIT TrackR/views/trackrctrl/DisplayMachLearnUnsup_IPANALYZED.html: -14
[2018-09-10 16:01:21] EDIT TrackR/views/trackrctrl/DisplayMachLearnUnsup_IPANALYZED.html: 14
[2018-09-10 16:09:17] EDIT TrackR/views/trackrctrl/DisplayMachLearnUnsup_IPANALYZED.html: 0
[2018-09-10 16:09:21] EDIT TrackR/views/trackrctrl/DisplayMachLearnUnsup_IPANALYZED.html: 0
[2018-09-10 16:10:04] EDIT TrackR/views/trackrctrl/DisplayMachLearnUnsup_IPANALYZED.html: 0
[2018-09-10 16:10:44] EDIT TrackR/views/trackrctrl/DisplayMachLearnUnsup_IPANALYZED.html: 0
[2018-09-10 16:12:13] EDIT TrackR/views/trackrctrl/DisplayMachLearnUnsup_IPANALYZED.html: 0
[2018-09-10 16:15:47] EDIT TrackR/views/trackrctrl/DisplayMachLearnUnsup_IPANALYZED.html: 0
[2018-09-10 16:16:45] EDIT TrackR/views/trackrctrl/DisplayMachLearnUnsup_IPANALYZED.html: 0
[2018-09-10 16:17:19] EDIT TrackR/views/trackrctrl/DisplayMachLearnUnsup_IPANALYZED.html: 0
[2018-09-10 16:19:27] EDIT TrackR/views/trackrctrl/DisplayMachLearnUnsup_IPANALYZED.html: 0
[2018-09-10 16:21:47] EDIT TrackR/views/trackrctrl/DisplayMachLearnUnsup_IPANALYZED.html: 0
[2018-09-10 16:21:52] EDIT TrackR/views/trackrctrl/DisplayMachLearnUnsup_IPANALYZED.html: 0
[2018-09-10 16:23:28] EDIT TrackR/views/trackrctrl/DisplayMachLearnUnsup_IPANALYZED.html: 0
[2018-09-10 16:23:54] EDIT TrackR/views/trackrctrl/DisplayMachLearnUnsup_IPANALYZED.html: 0
[2018-09-10 16:26:36] EDIT TrackR/views/trackrctrl/DisplayMachLearnUnsup_IPANALYZED.html: 0
[2018-09-10 16:26:50] EDIT TrackR/views/trackrctrl/DisplayMachLearnUnsup_IPANALYZED.html: 0
[2018-09-10 16:27:46] EDIT TrackR/views/trackrctrl/DisplayMachLearnUnsup_IPANALYZED.html: 1
[2018-09-10 16:28:32] EDIT TrackR/views/trackrctrl/DisplayMachLearnUnsup_IPANALYZED.html: 1
[2018-09-10 16:29:16] EDIT TrackR/views/trackrctrl/DisplayMachLearnUnsup_IPANALYZED.html: 0
[2018-09-10 16:31:47] EDIT TrackR/views/trackrctrl/DisplayMachLearnUnsup_IPANALYZED.html: 0
[2018-09-10 16:32:07] EDIT TrackR/views/trackrctrl/DisplayMachLearnUnsup_IPANALYZED.html: 0
[2018-09-10 16:33:09] EDIT TrackR/views/trackrctrl/DisplayMachLearnUnsup_IPANALYZED.html: 0
[2018-09-10 16:33:24] EDIT TrackR/views/trackrctrl/DisplayMachLearnUnsup_IPANALYZED.html: 0
[2018-09-10 16:35:26] EDIT TrackR/views/trackrctrl/DisplayMachLearnUnsup_IPANALYZED.html: 0
[2018-09-10 16:35:48] EDIT TrackR/views/trackrctrl/DisplayMachLearnUnsup_IPANALYZED.html: 0
[2018-09-10 16:36:20] EDIT TrackR/views/trackrctrl/DisplayMachLearnUnsup_IPANALYZED.html: 0
[2018-09-10 16:36:38] EDIT TrackR/views/trackrctrl/DisplayMachLearnUnsup_IPANALYZED.html: 0
[2018-09-10 16:37:26] EDIT TrackR/views/trackrctrl/DisplayMachLearnUnsup_IPANALYZED.html: -8
[2018-09-10 16:40:29] EDIT TrackR/controllers/trackrctrl.py: 0
[2018-09-10 16:44:35] EDIT TrackR/views/trackrctrl/DisplayMachLearnUnsup_IPANALYZED.html: 2
[2018-09-10 16:50:17] EDIT TrackR/views/trackrctrl/DisplayMachLearnUnsup_IPANALYZED.html: 6
[2018-09-10 16:51:55] EDIT TrackR/views/trackrctrl/DisplayMachLearnUnsup_IPANALYZED.html: 0
[2018-09-10 16:52:48] EDIT TrackR/views/trackrctrl/DisplayMachLearnUnsup_IPANALYZED.html: 0
[2018-09-10 16:53:32] EDIT TrackR/views/trackrctrl/DisplayMachLearnUnsup_IPANALYZED.html: 0
[2018-09-10 16:54:18] EDIT TrackR/views/trackrctrl/DisplayMachLearnUnsup_IPANALYZED.html: 1
[2018-09-10 16:55:02] EDIT TrackR/views/trackrctrl/DisplayMachLearnUnsup_IPANALYZED.html: 1
[2018-09-10 16:55:24] EDIT TrackR/views/trackrctrl/DisplayMachLearnUnsup_IPANALYZED.html: 0
[2018-09-10 16:56:05] EDIT TrackR/views/trackrctrl/DisplayMachLearnUnsup_IPANALYZED.html: -1
[2018-09-10 16:56:37] EDIT TrackR/views/trackrctrl/DisplayMachLearnUnsup_IPANALYZED.html: 1
[2018-09-10 16:59:37] EDIT TrackR/controllers/trackrctrl.py: 0
[2018-09-10 17:00:24] EDIT TrackR/views/trackrctrl/DisplayMachLearnUnsup_IPANALYZED.html: 0
[2018-09-10 17:00:47] EDIT TrackR/views/trackrctrl/DisplayMachLearnUnsup_IPANALYZED.html: -2
[2018-09-10 17:00:59] EDIT TrackR/views/trackrctrl/DisplayMachLearnUnsup_IPANALYZED.html: -6
[2018-09-10 17:01:09] EDIT TrackR/views/trackrctrl/DisplayMachLearnUnsup_IPANALYZED.html: 0
[2018-09-10 17:08:29] EDIT TrackR/controllers/trackrctrl.py: 0
[2018-09-10 17:09:42] EDIT TrackR/controllers/trackrctrl.py: 0
[2018-09-10 17:11:02] EDIT TrackR/controllers/trackrctrl.py: 0
[2018-09-10 17:11:28] EDIT TrackR/views/trackrctrl/DisplayMachLearnUnsup_IPANALYZED.html: -4
[2018-09-10 17:19:04] EDIT TrackR/views/trackrctrl/DisplayMachLearnUnsup_IPANALYZED.html: -8
[2018-09-10 17:28:09] EDIT TrackR/views/trackrctrl/DisplayMachLearnUnsup_IPANALYZED.html: 11
[2018-09-10 17:31:24] EDIT TrackR/views/trackrctrl/DisplayMachLearnUnsup_IPANALYZED.html: 6
[2018-09-10 17:32:30] EDIT TrackR/views/trackrctrl/DisplayMachLearnUnsup_IPANALYZED.html: 0
[2018-09-10 17:34:06] EDIT TrackR/views/trackrctrl/DisplayMachLearnUnsup_IPANALYZED.html: 0
[2018-09-10 17:35:26] EDIT TrackR/views/trackrctrl/DisplayMachLearnUnsup_IPANALYZED.html: 0
[2018-09-10 17:38:51] EDIT TrackR/views/trackrctrl/DisplayMachLearnUnsup_IPANALYZED.html: 0
[2018-09-10 17:39:08] EDIT TrackR/views/trackrctrl/DisplayMachLearnUnsup_IPANALYZED.html: 0
[2018-09-10 17:39:51] EDIT TrackR/views/trackrctrl/DisplayMachLearnUnsup_IPANALYZED.html: 0
[2018-09-10 17:40:18] EDIT TrackR/views/trackrctrl/DisplayMachLearnUnsup_IPANALYZED.html: 0
[2018-09-10 17:40:42] EDIT TrackR/views/trackrctrl/DisplayMachLearnUnsup_IPANALYZED.html: 0
[2018-09-10 17:41:59] EDIT TrackR/views/trackrctrl/DisplayMachLearnUnsup_IPANALYZED.html: 0
[2018-09-10 17:42:43] EDIT TrackR/views/trackrctrl/DisplayMachLearnUnsup_IPANALYZED.html: 0
[2018-09-10 17:43:01] EDIT TrackR/views/trackrctrl/DisplayMachLearnUnsup_IPANALYZED.html: 1
[2018-09-10 17:44:25] EDIT TrackR/controllers/trackrctrl.py: 0
[2018-09-10 17:45:11] EDIT TrackR/controllers/trackrctrl.py: 0
[2018-09-10 17:45:51] EDIT TrackR/controllers/trackrctrl.py: 0
[2018-09-10 17:46:28] EDIT TrackR/controllers/trackrctrl.py: 0
[2018-09-10 17:48:20] EDIT TrackR/controllers/trackrctrl.py: 0
[2018-09-10 17:48:37] EDIT TrackR/controllers/trackrctrl.py: 0
[2018-09-10 17:48:58] EDIT TrackR/controllers/trackrctrl.py: 0
[2018-09-10 17:49:41] EDIT TrackR/controllers/trackrctrl.py: 0
[2018-09-10 17:51:46] EDIT TrackR/views/trackrctrl/DisplayMachLearnUnsup_IPANALYZED.html: 0
[2018-09-10 17:51:53] EDIT TrackR/views/trackrctrl/DisplayMachLearnUnsup_IPANALYZED.html: 0
[2018-09-10 20:19:38] EDIT TrackR/views/trackrctrl/DisplayMachLearnUnsup_IPANALYZED.html: 0
[2018-09-10 20:20:54] EDIT TrackR/views/trackrctrl/DisplayMachLearnUnsup_IPANALYZED.html: 0
[2018-09-10 20:21:26] EDIT TrackR/views/trackrctrl/DisplayMachLearnUnsup_IPANALYZED.html: 0
[2018-09-10 20:22:04] EDIT TrackR/views/trackrctrl/DisplayMachLearnUnsup_IPANALYZED.html: 0
[2018-09-10 20:22:10] EDIT TrackR/views/trackrctrl/DisplayMachLearnUnsup_IPANALYZED.html: 0
[2018-09-10 20:26:26] EDIT TrackR/views/trackrctrl/DisplayMachLearnUnsup_IPANALYZED.html: 13
[2018-09-10 20:27:52] EDIT TrackR/views/trackrctrl/DisplayMachLearnUnsup_IPANALYZED.html: 7
[2018-09-10 20:28:36] EDIT TrackR/views/trackrctrl/DisplayMachLearnUnsup_IPANALYZED.html: 0
[2018-09-10 20:29:28] EDIT TrackR/views/trackrctrl/DisplayMachLearnUnsup_IPANALYZED.html: 0
[2018-09-10 20:33:11] EDIT TrackR/views/trackrctrl/DisplayMachLearnUnsup_IPANALYZED.html: 1
[2018-09-10 20:34:41] EDIT TrackR/views/trackrctrl/DisplayMachLearnUnsup_IPANALYZED.html: 6
[2018-09-10 20:36:04] EDIT TrackR/views/trackrctrl/DisplayMachLearnUnsup_IPANALYZED.html: 0
[2018-09-10 20:37:00] EDIT TrackR/views/trackrctrl/DisplayMachLearnUnsup_OTHSEC.html: 48
[2018-09-10 20:39:02] EDIT TrackR/views/trackrctrl/DisplayMachLearnUnsup_OTHSEC.html: 20
[2018-09-10 20:39:53] EDIT TrackR/views/trackrctrl/DisplayMachLearnUnsup_OTHSEC.html: 0
[2018-09-10 20:40:20] EDIT TrackR/views/trackrctrl/DisplayMachLearnUnsup_OTHSEC.html: 0
[2018-09-10 20:42:37] EDIT TrackR/controllers/trackrctrl.py: -9
[2018-09-10 20:44:24] EDIT TrackR/views/trackrctrl/DisplayMachLearnUnsup_IPANALYZED.html: 0
[2018-09-10 20:45:02] EDIT TrackR/views/trackrctrl/DisplayMachLearnUnsup_OTHSEC.html: 1
[2018-09-10 20:45:39] EDIT TrackR/views/trackrctrl/DisplayMachLearnUnsup_OTHSEC.html: 0
[2018-09-10 20:46:03] EDIT TrackR/views/trackrctrl/DisplayMachLearnUnsup_IPANALYZED.html: 0
[2018-09-10 20:46:55] EDIT TrackR/views/trackrctrl/DisplayMachLearnUnsup_IPANALYZED.html: 0
[2018-09-10 20:47:28] EDIT TrackR/views/trackrctrl/DisplayMachLearnUnsup_OTHSEC.html: 0
[2018-09-10 20:47:50] EDIT TrackR/views/trackrctrl/DisplayMachLearnUnsup_OTHSEC.html: 0
[2018-09-10 20:48:10] EDIT TrackR/views/trackrctrl/DisplayMachLearnUnsup_IPANALYZED.html: 0
[2018-09-10 20:48:35] EDIT TrackR/views/trackrctrl/DisplayMachLearnUnsup_IPANALYZED.html: 0
[2018-09-10 20:48:46] EDIT TrackR/views/trackrctrl/DisplayMachLearnUnsup_OTHSEC.html: 0
[2018-09-10 20:50:17] EDIT TrackR/views/trackrctrl/DisplayMachLearnUnsup_IPANALYZED.html: 0
[2018-09-10 20:51:29] EDIT TrackR/views/trackrctrl/DisplayMachLearnUnsup_IPANALYZED.html: 0
[2018-09-10 20:54:31] EDIT TrackR/views/trackrctrl/DisplayMachLearnUnsup_IPANALYZED.html: 0
[2018-09-10 20:54:58] EDIT TrackR/views/trackrctrl/DisplayMachLearnUnsup_OTHSEC.html: 0
[2018-09-10 20:58:22] EDIT TrackR/views/trackrctrl/DisplayMachLearnUnsup_IPANALYZED.html: 0
[2018-09-10 21:10:57] EDIT TrackR/views/trackrctrl/DisplayMachLearnUnsup_IPANALYZED.html: 0
[2018-09-10 21:11:34] EDIT TrackR/views/trackrctrl/DisplayMachLearnUnsup_IPANALYZED.html: 0
[2018-09-10 21:13:34] EDIT TrackR/views/trackrctrl/DisplayMachLearnUnsup_IPANALYZED.html: 0
[2018-09-10 21:15:40] EDIT TrackR/views/trackrctrl/DisplayMachLearnUnsup_IPANALYZED.html: 0
[2018-09-10 21:16:57] EDIT TrackR/views/trackrctrl/DisplayMachLearnUnsup_IPANALYZED.html: 0
[2018-09-10 21:21:02] EDIT TrackR/views/trackrctrl/DisplayMachLearnUnsup_IPANALYZED.html: 0
[2018-09-10 21:21:47] EDIT TrackR/views/trackrctrl/DisplayMachLearnUnsup_IPANALYZED.html: 0
[2018-09-10 21:22:10] EDIT TrackR/views/trackrctrl/DisplayMachLearnUnsup_IPANALYZED.html: 0
[2018-09-10 21:22:40] EDIT TrackR/views/trackrctrl/DisplayMachLearnUnsup_IPANALYZED.html: 0
[2018-09-10 21:23:31] EDIT TrackR/views/trackrctrl/DisplayMachLearnUnsup_IPANALYZED.html: 0
[2018-09-10 21:33:40] EDIT TrackR/views/trackrctrl/DisplayMachLearnUnsup_IPANALYZED.html: 0
[2018-09-10 21:37:22] EDIT TrackR/views/trackrctrl/DisplayMachLearnUnsup_IPANALYZED.html: 0
[2018-09-10 21:38:55] EDIT TrackR/views/trackrctrl/DisplayMachLearnUnsup_IPANALYZED.html: 0
[2018-09-10 21:39:58] EDIT TrackR/views/trackrctrl/DisplayMachLearnUnsup_IPANALYZED.html: 0
[2018-09-10 21:42:12] EDIT TrackR/views/trackrctrl/DisplayMachLearnUnsup_IPANALYZED.html: 0
[2018-09-10 21:42:24] EDIT TrackR/views/trackrctrl/DisplayMachLearnUnsup_IPANALYZED.html: 0
[2018-09-10 21:44:51] EDIT TrackR/views/trackrctrl/DisplayMachLearnUnsup_IPANALYZED.html: 0
[2018-09-10 21:45:06] EDIT TrackR/views/trackrctrl/DisplayMachLearnUnsup_OTHSEC.html: 0
[2018-09-10 21:53:54] EDIT TrackR/views/trackrctrl/DisplayMachLearnUnsup_IPANALYZED.html: 0
[2018-09-10 22:02:58] EDIT TrackR/views/trackrctrl/DisplayMachLearnUnsup_OTHSEC.html: 0
[2018-09-10 22:04:10] EDIT TrackR/views/trackrctrl/DisplayMachLearnUnsup_OTHSEC.html: 0
[2018-09-10 22:04:53] EDIT TrackR/views/trackrctrl/DisplayMachLearnUnsup_OTHSEC.html: 0
[2018-09-10 22:09:57] EDIT TrackR/views/trackrctrl/DisplayMachLearnUnsup_OTHSEC.html: 0
[2018-09-10 22:27:01] EDIT TrackR/views/trackrctrl/DisplayMachLearnUnsup_OTHSEC.html: 0
[2018-09-10 22:28:07] EDIT TrackR/views/trackrctrl/DisplayMachLearnUnsup_IPANALYZED.html: 0
[2018-09-10 22:28:44] EDIT TrackR/views/trackrctrl/DisplayMachLearnUnsup_OTHSEC.html: 0
[2018-09-10 22:29:47] EDIT TrackR/views/trackrctrl/DisplayMachLearnUnsup_IPANALYZED.html: 0
[2018-09-10 22:30:27] EDIT TrackR/views/trackrctrl/DisplayMachLearnUnsup_OTHSEC.html: -1
[2018-09-10 22:30:36] EDIT TrackR/views/trackrctrl/DisplayMachLearnUnsup_OTHSEC.html: 0
[2018-09-10 22:31:55] EDIT TrackR/views/trackrctrl/DisplayMachLearnUnsup_IPANALYZED.html: 0
[2018-09-10 22:32:04] EDIT TrackR/views/trackrctrl/DisplayMachLearnUnsup_IPANALYZED.html: 0
[2018-09-10 22:32:42] EDIT TrackR/views/trackrctrl/DisplayMachLearnUnsup_IPANALYZED.html: 0
[2018-09-10 22:32:55] EDIT TrackR/views/trackrctrl/DisplayMachLearnUnsup_OTHSEC.html: 1
[2018-09-10 22:36:26] EDIT TrackR/views/trackrctrl/DisplayMachLearnUnsup_IPANALYZED.html: 0
[2018-09-10 22:36:40] EDIT TrackR/views/trackrctrl/DisplayMachLearnUnsup_OTHSEC.html: 0
[2018-09-10 22:55:05] EDIT TrackR/views/trackrctrl/DisplayMachLearnUnsup_IPANALYZED.html: 0
[2018-09-10 23:11:20] EDIT TrackR/views/trackrctrl/DisplayMachLearnUnsup_OTHSEC.html: 16
[2018-09-10 23:36:10] EDIT TrackR/controllers/trackrctrl.py: 0
[2018-09-10 23:36:52] EDIT TrackR/controllers/trackrctrl.py: 0
[2018-09-10 23:43:49] EDIT TrackR/controllers/trackrctrl.py: 0
[2018-09-10 23:44:19] EDIT TrackR/controllers/trackrctrl.py: 0
[2018-09-10 23:45:30] EDIT TrackR/views/trackrctrl/DisplayMachLearnUnsup_OTHSEC.html: 0
[2018-09-10 23:47:45] EDIT TrackR/views/trackrctrl/DisplayMachLearnUnsup_IPANALYZED.html: 0
[2018-09-10 23:50:51] EDIT TrackR/views/trackrctrl/DisplayMachLearnUnsup_OTHSEC.html: 0
[2018-09-11 16:55:49] CREATE trackrctrl/DisplayMachLearnKNN_OTHSEC.html: 0
[2018-09-11 16:56:17] EDIT TrackR/views/trackrctrl/DisplayMachLearnKNN_OTHSEC.html: 132
[2018-09-11 16:57:53] EDIT TrackR/controllers/trackrctrl.py: 58
[2018-09-11 17:03:32] EDIT TrackR/views/trackrctrl/DisplayMachLearnUnsup_OTHSEC.html: 0
[2018-09-11 17:03:44] EDIT TrackR/views/trackrctrl/DisplayMachLearnUnsup_IPANALYZED.html: 0
[2018-09-11 17:31:56] EDIT TrackR/controllers/trackrctrl.py: 9
[2018-09-11 17:36:23] EDIT TrackR/controllers/trackrctrl.py: 0
[2018-09-11 17:41:25] EDIT TrackR/controllers/trackrctrl.py: 0
[2018-09-11 17:41:39] EDIT TrackR/controllers/trackrctrl.py: 0
[2018-09-11 17:42:25] EDIT TrackR/controllers/trackrctrl.py: 0
[2018-09-11 17:42:41] EDIT TrackR/controllers/trackrctrl.py: 0
[2018-09-11 17:57:15] EDIT TrackR/controllers/othsec.py: 6
[2018-09-11 17:58:37] EDIT TrackR/controllers/othsec.py: 0
[2018-09-11 18:02:09] EDIT TrackR/controllers/othsec.py: 0
[2018-09-11 18:02:26] EDIT TrackR/controllers/othsec.py: 0
[2018-09-11 18:04:11] EDIT TrackR/controllers/trackrctrl.py: 2
[2018-09-11 18:09:11] EDIT TrackR/controllers/trackrctrl.py: 4
[2018-09-11 18:11:38] EDIT TrackR/controllers/trackrctrl.py: 1
[2018-09-11 18:11:44] EDIT TrackR/controllers/trackrctrl.py: 0
[2018-09-11 18:13:00] EDIT TrackR/controllers/othsec.py: 0
[2018-09-11 18:13:11] EDIT TrackR/controllers/othsec.py: 0
[2018-09-11 18:13:32] EDIT TrackR/controllers/othsec.py: 0
[2018-09-11 18:14:52] EDIT TrackR/controllers/othsec.py: 0
[2018-09-11 18:19:01] EDIT TrackR/controllers/trackrctrl.py: 2
[2018-09-11 18:20:37] CREATE trackrctrl/AddTrusteeIPInDB.html: 0
[2018-09-11 18:20:55] EDIT TrackR/views/trackrctrl/AddTrusteeIPInDB.html: -1
[2018-09-11 18:22:35] EDIT TrackR/controllers/trackrctrl.py: 1
[2018-09-11 18:22:58] EDIT TrackR/controllers/trackrctrl.py: 0
[2018-09-11 18:28:31] EDIT TrackR/controllers/trackrctrl.py: 0
[2018-09-11 18:30:27] EDIT TrackR/controllers/trackrctrl.py: 0
[2018-09-11 18:31:36] EDIT TrackR/controllers/trackrctrl.py: 0
[2018-09-11 18:31:42] EDIT TrackR/controllers/trackrctrl.py: 0
[2018-09-11 18:33:01] EDIT TrackR/controllers/othsec.py: 0
[2018-09-11 18:34:02] EDIT TrackR/controllers/trackrctrl.py: 0
[2018-09-11 18:34:55] EDIT TrackR/controllers/trackrctrl.py: 0
[2018-09-11 18:35:38] EDIT TrackR/controllers/trackrctrl.py: 0
[2018-09-11 18:36:00] EDIT TrackR/controllers/trackrctrl.py: 0
[2018-09-11 18:36:03] EDIT TrackR/controllers/trackrctrl.py: 0
[2018-09-11 18:36:16] EDIT TrackR/controllers/trackrctrl.py: 0
[2018-09-11 18:37:49] EDIT TrackR/controllers/trackrctrl.py: 0
[2018-09-11 18:39:22] EDIT TrackR/controllers/trackrctrl.py: 0
[2018-09-11 18:40:09] EDIT TrackR/controllers/trackrctrl.py: 0
[2018-09-11 18:40:57] EDIT TrackR/controllers/trackrctrl.py: 0
[2018-09-11 18:41:39] EDIT TrackR/controllers/trackrctrl.py: 0
[2018-09-11 18:42:02] EDIT TrackR/controllers/trackrctrl.py: 0
[2018-09-11 18:45:26] EDIT TrackR/controllers/trackrctrl.py: 0
[2018-09-11 18:47:10] EDIT TrackR/controllers/trackrctrl.py: 0
[2018-09-11 20:55:05] EDIT TrackR/controllers/trackrctrl.py: 0
[2018-09-11 20:57:44] EDIT TrackR/controllers/trackrctrl.py: 1
[2018-09-11 21:02:07] EDIT TrackR/controllers/trackrctrl.py: 0
[2018-09-11 21:04:22] EDIT TrackR/controllers/trackrctrl.py: 0
[2018-09-11 21:09:32] EDIT TrackR/controllers/trackrctrl.py: 0
[2018-09-11 21:09:44] EDIT TrackR/controllers/trackrctrl.py: 0
[2018-09-11 21:10:58] EDIT TrackR/controllers/trackrctrl.py: 0
[2018-09-11 21:12:38] EDIT TrackR/views/trackrctrl/AddTrusteeIPInDB.html: -1
[2018-09-11 21:13:05] EDIT TrackR/controllers/trackrctrl.py: 1
[2018-09-11 21:26:57] EDIT TrackR/controllers/trackrctrl.py: -3
[2018-09-11 21:50:27] EDIT TrackR/controllers/othsec.py: 0
[2018-09-11 22:30:47] EDIT TrackR/controllers/trackrctrl.py: -3
[2018-09-11 22:30:54] EDIT TrackR/controllers/trackrctrl.py: 0
[2018-09-11 22:38:41] EDIT TrackR/controllers/trackrctrl.py: 1
[2018-09-11 22:39:10] EDIT TrackR/controllers/trackrctrl.py: 0
[2018-09-11 22:39:10] EDIT TrackR/controllers/trackrctrl.py: 0
[2018-09-11 22:41:55] EDIT TrackR/controllers/trackrctrl.py: 1
[2018-09-11 23:20:48] EDIT TrackR/controllers/trackrctrl.py: -1
[2018-09-11 23:22:55] EDIT TrackR/controllers/trackrctrl.py: 4
[2018-09-11 23:26:28] EDIT TrackR/models/menu.py: 0
[2018-09-11 23:28:27] EDIT TrackR/models/menu.py: 0
[2018-09-11 23:28:56] EDIT TrackR/controllers/trackrctrl.py: 0
[2018-09-11 23:39:02] EDIT TrackR/controllers/trackrctrl.py: 3
[2018-09-11 23:40:56] EDIT TrackR/views/trackrctrl/DisplayMachLearnKNN_OTHSEC.html: 0
[2018-09-11 23:41:23] EDIT TrackR/views/trackrctrl/DisplayMachLearnKNN_OTHSEC.html: -14
[2018-09-11 23:41:31] EDIT TrackR/views/trackrctrl/DisplayMachLearnKNN_OTHSEC.html: 0
[2018-09-11 23:43:26] EDIT TrackR/views/trackrctrl/DisplayMachLearnKNN_OTHSEC.html: 0
[2018-09-11 23:45:25] EDIT TrackR/views/trackrctrl/DisplayMachLearnKNN_OTHSEC.html: 0
[2018-09-11 23:47:43] EDIT TrackR/views/trackrctrl/DisplayMachLearnKNN_OTHSEC.html: -2
[2018-09-11 23:50:02] EDIT TrackR/controllers/trackrctrl.py: 0
[2018-09-11 23:52:41] EDIT TrackR/views/trackrctrl/DisplayMachLearnKNN_OTHSEC.html: 0
[2018-09-11 23:53:59] EDIT TrackR/views/trackrctrl/DisplayMachLearnKNN_OTHSEC.html: 0
[2018-09-11 23:54:48] EDIT TrackR/controllers/trackrctrl.py: 0
[2018-09-11 23:56:57] EDIT TrackR/controllers/trackrctrl.py: 0
[2018-09-12 00:01:06] EDIT TrackR/controllers/trackrctrl.py: 0
[2018-09-12 00:05:02] EDIT TrackR/controllers/trackrctrl.py: 0
[2018-09-12 00:25:23] EDIT TrackR/controllers/trackrctrl.py: 5
[2018-09-12 00:26:27] EDIT TrackR/controllers/trackrctrl.py: 0
[2018-09-12 00:28:33] EDIT TrackR/controllers/trackrctrl.py: -1
[2018-09-12 00:30:14] EDIT TrackR/controllers/trackrctrl.py: 0
[2018-09-12 00:35:08] EDIT TrackR/controllers/trackrctrl.py: 1
[2018-09-12 00:40:10] EDIT TrackR/views/default/index.html: 6
[2018-09-12 00:40:46] EDIT TrackR/views/default/index.html: 0
[2018-09-12 00:41:31] EDIT TrackR/views/default/index.html: 2
[2018-09-12 00:42:28] EDIT TrackR/views/default/index.html: -1
[2018-09-12 00:44:03] EDIT TrackR/views/default/index.html: 0
[2018-09-12 00:44:38] EDIT TrackR/views/default/index.html: 0
[2018-09-12 00:45:06] EDIT TrackR/views/default/index.html: 2
[2018-09-12 00:45:54] EDIT TrackR/views/default/index.html: 0
[2018-09-12 00:46:19] EDIT TrackR/views/default/index.html: 0
[2018-09-12 00:46:39] EDIT TrackR/views/default/index.html: 0
[2018-09-12 00:46:52] EDIT TrackR/views/default/index.html: 0
[2018-09-12 00:47:47] EDIT TrackR/views/default/index.html: 1
[2018-09-12 00:48:13] EDIT TrackR/views/default/index.html: 0
[2018-09-12 00:48:38] EDIT TrackR/views/default/index.html: 1
[2018-09-12 00:50:35] EDIT TrackR/views/default/index.html: 0
[2018-09-12 00:54:27] EDIT TrackR/views/default/index.html: 6
[2018-09-12 00:54:36] EDIT TrackR/views/default/index.html: 0
[2018-09-12 00:56:56] EDIT TrackR/views/default/index.html: 18
[2018-09-12 00:58:20] EDIT TrackR/views/default/index.html: -4
[2018-09-12 00:59:10] EDIT TrackR/views/default/index.html: 1
[2018-09-12 00:59:32] EDIT TrackR/views/default/index.html: 0
[2018-09-12 01:01:00] EDIT TrackR/views/default/index.html: 0
[2018-09-12 01:02:11] EDIT TrackR/views/default/index.html: -1
[2018-09-12 10:04:26] EDIT TrackR/views/default/index.html: 0
[2018-09-12 10:10:29] EDIT TrackR/views/default/index.html: 11
[2018-09-12 10:24:47] EDIT TrackR/views/default/index.html: 12
[2018-09-12 10:26:21] EDIT TrackR/views/default/index.html: 0
[2018-09-12 10:26:51] EDIT TrackR/views/default/index.html: 0
[2018-09-12 10:27:13] EDIT TrackR/views/default/index.html: 0
[2018-09-12 10:27:38] EDIT TrackR/views/default/index.html: 0
[2018-09-12 10:28:21] EDIT TrackR/views/default/index.html: 0
[2018-09-12 10:33:25] EDIT TrackR/views/default/index.html: -1
[2018-09-12 10:46:37] EDIT TrackR/views/default/index.html: 0
[2018-09-12 10:51:18] EDIT TrackR/views/default/index.html: 0
[2018-09-12 10:56:07] EDIT TrackR/views/default/index.html: 0
[2018-09-12 10:56:35] EDIT TrackR/views/default/index.html: 0
[2018-09-12 11:03:20] EDIT TrackR/views/default/index.html: 0
[2018-09-12 11:05:20] EDIT TrackR/views/default/index.html: 10
[2018-09-12 11:06:21] EDIT TrackR/views/default/index.html: 0
[2018-09-12 11:07:35] EDIT TrackR/views/default/index.html: -4
[2018-09-12 11:08:33] EDIT TrackR/views/default/index.html: 0
[2018-09-12 11:09:12] EDIT TrackR/views/default/index.html: 0
[2018-09-12 11:11:59] EDIT TrackR/views/default/index.html: 5
[2018-09-12 11:12:16] EDIT TrackR/views/default/index.html: 0
[2018-09-12 11:12:35] EDIT TrackR/views/default/index.html: 0
[2018-09-12 11:15:02] EDIT TrackR/views/default/index.html: 10
[2018-09-12 11:15:14] EDIT TrackR/views/default/index.html: 0
[2018-09-12 11:16:17] EDIT TrackR/views/default/index.html: 0
[2018-09-12 11:19:05] EDIT TrackR/views/default/index.html: 5
[2018-09-12 11:19:55] EDIT TrackR/views/default/index.html: 0
[2018-09-12 11:21:42] EDIT TrackR/views/default/index.html: 0
[2018-09-12 11:22:54] EDIT TrackR/views/default/index.html: 0
[2018-09-12 11:23:48] EDIT TrackR/views/default/index.html: 0
[2018-09-12 11:24:14] EDIT TrackR/views/default/index.html: 0
[2018-09-12 17:02:18] EDIT TrackR/controllers/trackrctrl.py: 2
[2018-09-12 17:02:35] EDIT TrackR/controllers/trackrctrl.py: 0
[2018-09-12 17:07:37] EDIT TrackR/controllers/trackrctrl.py: 0
[2018-09-12 17:08:01] EDIT TrackR/controllers/trackrctrl.py: 0
[2018-09-12 17:17:38] EDIT TrackR/controllers/trackrctrl.py: 0
[2018-09-12 17:18:03] EDIT TrackR/controllers/trackrctrl.py: 0
[2018-09-12 17:26:08] CREATE trackrctrl/DisplayMachLearnADA_OTHSEC.html: 0
[2018-09-12 17:26:32] EDIT TrackR/views/trackrctrl/DisplayMachLearnADA_OTHSEC.html: 72
[2018-09-12 17:28:10] EDIT TrackR/views/trackrctrl/DisplayMachLearnADA_OTHSEC.html: -74
[2018-09-12 17:30:14] EDIT TrackR/controllers/trackrctrl.py: 115
[2018-09-12 17:31:15] EDIT TrackR/controllers/trackrctrl.py: 0
[2018-09-12 17:34:23] EDIT TrackR/controllers/trackrctrl.py: 34
[2018-09-12 17:34:59] EDIT TrackR/controllers/trackrctrl.py: 4
[2018-09-12 18:38:06] EDIT TrackR/controllers/trackrctrl.py: 0
[2018-09-12 18:38:21] EDIT TrackR/controllers/trackrctrl.py: 0
[2018-09-12 21:22:59] EDIT TrackR/controllers/trackrctrl.py: 0
[2018-09-12 22:32:16] EDIT TrackR/controllers/trackrctrl.py: 2
[2018-09-12 22:35:09] EDIT TrackR/controllers/trackrctrl.py: 0
[2018-09-12 22:35:10] EDIT TrackR/controllers/trackrctrl.py: 0
[2018-09-12 22:35:14] EDIT TrackR/controllers/trackrctrl.py: 0
[2018-09-12 22:37:43] EDIT TrackR/controllers/trackrctrl.py: 0
[2018-09-12 22:43:24] EDIT TrackR/controllers/trackrctrl.py: -1
[2018-09-12 22:45:34] EDIT TrackR/controllers/trackrctrl.py: 0
[2018-09-12 22:46:25] EDIT TrackR/controllers/trackrctrl.py: 0
[2018-09-12 22:52:02] EDIT TrackR/controllers/trackrctrl.py: 0
[2018-09-12 22:58:28] EDIT TrackR/controllers/trackrctrl.py: 0
[2018-09-12 23:18:40] EDIT TrackR/controllers/trackrctrl.py: 0
[2018-09-12 23:30:37] EDIT TrackR/controllers/trackrctrl.py: 1
[2018-09-12 23:37:17] EDIT TrackR/controllers/trackrctrl.py: 1
[2018-09-12 23:43:28] EDIT TrackR/controllers/trackrctrl.py: 1
[2018-09-13 10:46:29] CREATE default/webrtc.html: 0
[2018-09-13 10:47:15] EDIT TrackR/views/default/webrtc.html: 19
[2018-09-13 10:48:10] EDIT TrackR/controllers/default.py: 2
[2018-09-13 10:52:11] EDIT TrackR/views/default/webrtc.html: 0
[2018-09-13 10:54:15] EDIT TrackR/views/default/webrtc.html: -1
[2018-09-13 11:11:44] EDIT TrackR/views/default/webrtc.html: 5
[2018-09-13 15:57:08] EDIT TrackR/controllers/trackrctrl.py: 0
[2018-09-13 16:02:24] EDIT TrackR/controllers/trackrctrl.py: 0
[2018-09-13 16:03:49] EDIT TrackR/controllers/trackrctrl.py: 0
[2018-09-13 16:04:54] EDIT TrackR/controllers/trackrctrl.py: 0
[2018-09-13 16:13:27] EDIT TrackR/controllers/trackrctrl.py: 0
[2018-09-13 16:23:17] EDIT TrackR/views/trackrctrl/DisplayMachLearnKNN_OTHSEC.html: 0
[2018-09-14 10:21:39] EDIT TrackR/views/trackrctrl/DisplayMachLearnUnsup_OTHSEC.html: 0
[2018-09-14 10:22:05] EDIT TrackR/views/trackrctrl/DisplayMachLearnUnsup_OTHSEC.html: 0
[2018-09-14 10:22:35] EDIT TrackR/views/trackrctrl/DisplayMachLearnUnsup_OTHSEC.html: 0
[2018-09-14 10:22:58] EDIT TrackR/views/trackrctrl/DisplayMachLearnUnsup_OTHSEC.html: 0
[2018-09-14 10:23:07] EDIT TrackR/views/trackrctrl/DisplayMachLearnUnsup_OTHSEC.html: 0
[2018-09-14 10:24:10] EDIT TrackR/views/trackrctrl/DisplayMachLearnUnsup_IPANALYZED.html: 0
[2018-09-14 10:25:13] EDIT TrackR/views/trackrctrl/DisplayMachLearnUnsup_IPANALYZED.html: 1
[2018-09-14 10:25:26] EDIT TrackR/views/trackrctrl/DisplayMachLearnUnsup_IPANALYZED.html: 0
[2018-09-14 10:25:45] EDIT TrackR/views/trackrctrl/DisplayMachLearnUnsup_OTHSEC.html: 1
[2018-09-14 10:26:24] EDIT TrackR/views/trackrctrl/DisplayMachLearnUnsup_OTHSEC.html: 0
[2018-09-14 10:26:37] EDIT TrackR/views/trackrctrl/DisplayMachLearnUnsup_OTHSEC.html: 0
[2018-09-14 10:26:51] EDIT TrackR/views/trackrctrl/DisplayMachLearnUnsup_IPANALYZED.html: 0
[2018-09-14 10:27:03] EDIT TrackR/views/trackrctrl/DisplayMachLearnUnsup_IPANALYZED.html: 0
[2018-09-14 10:27:09] EDIT TrackR/views/trackrctrl/DisplayMachLearnUnsup_OTHSEC.html: 0
[2018-09-14 10:33:39] EDIT TrackR/views/trackrctrl/DisplayMachLearnUnsup_IPANALYZED.html: 0
[2018-09-14 10:34:33] EDIT TrackR/views/trackrctrl/DisplayMachLearnUnsup_IPANALYZED.html: 0
[2018-09-14 10:36:33] EDIT TrackR/views/trackrctrl/DisplayMachLearnUnsup_IPANALYZED.html: 1
[2018-09-14 10:37:11] EDIT TrackR/views/trackrctrl/DisplayMachLearnUnsup_IPANALYZED.html: 0
[2018-09-14 10:41:34] EDIT TrackR/models/db.py: 8
[2018-09-14 10:45:36] EDIT TrackR/models/db.py: 0
[2018-09-14 10:57:12] EDIT TrackR/models/0.py: 0
[2018-09-14 10:58:02] EDIT TrackR/models/db.py: 0
[2018-09-14 11:00:36] EDIT TrackR/models/db.py: 0
[2018-09-14 11:00:58] EDIT TrackR/models/0.py: 0
[2018-09-14 11:01:23] EDIT TrackR/models/db.py: 0
[2018-09-14 11:03:25] EDIT TrackR/views/trackrctrl/DisplayMachLearnUnsup_IPANALYZED.html: 0
[2018-09-14 11:03:30] EDIT TrackR/views/trackrctrl/DisplayMachLearnUnsup_IPANALYZED.html: 0
[2018-09-14 11:04:13] EDIT TrackR/views/trackrctrl/DisplayMachLearnUnsup_IPANALYZED.html: 0
[2018-09-14 11:04:57] EDIT TrackR/views/trackrctrl/DisplayMachLearnUnsup_IPANALYZED.html: 0
[2018-09-14 11:05:57] EDIT TrackR/views/trackrctrl/DisplayMachLearnUnsup_IPANALYZED.html: 0
[2018-09-14 11:06:44] EDIT TrackR/views/trackrctrl/DisplayMachLearnUnsup_IPANALYZED.html: 0
[2018-09-14 11:06:59] EDIT TrackR/views/trackrctrl/DisplayMachLearnUnsup_IPANALYZED.html: 0
[2018-09-14 11:08:31] EDIT TrackR/views/trackrctrl/DisplayMachLearnUnsup_IPANALYZED.html: 0
[2018-09-14 11:25:15] EDIT TrackR/views/trackrctrl/DisplayMachLearnUnsup_IPANALYZED.html: 0
[2018-09-14 11:25:43] EDIT TrackR/views/trackrctrl/DisplayMachLearnUnsup_IPANALYZED.html: 0
[2018-09-14 11:27:20] EDIT TrackR/views/trackrctrl/DisplayMachLearnUnsup_IPANALYZED.html: 0
[2018-09-14 11:27:35] EDIT TrackR/views/trackrctrl/DisplayMachLearnUnsup_IPANALYZED.html: 0
[2018-09-14 11:33:02] EDIT TrackR/views/trackrctrl/DisplayMachLearnUnsup_IPANALYZED.html: 0
[2018-09-14 11:33:39] EDIT TrackR/views/trackrctrl/DisplayMachLearnUnsup_IPANALYZED.html: 0
[2018-09-14 11:35:18] EDIT TrackR/controllers/trackrctrl.py: 12
[2018-09-14 11:38:23] EDIT TrackR/controllers/trackrctrl.py: -2
[2018-09-14 11:44:06] EDIT TrackR/views/trackrctrl/DisplayMachLearnUnsup_IPANALYZED.html: 1
[2018-09-14 11:46:26] EDIT TrackR/views/trackrctrl/DisplayMachLearnUnsup_IPANALYZED.html: 0
[2018-09-14 11:48:02] EDIT TrackR/views/trackrctrl/DisplayMachLearnUnsup_IPANALYZED.html: 0
[2018-09-14 11:51:08] EDIT TrackR/views/trackrctrl/DisplayMachLearnUnsup_IPANALYZED.html: 0
[2018-09-14 11:51:51] EDIT TrackR/views/trackrctrl/DisplayMachLearnUnsup_IPANALYZED.html: 0
[2018-09-14 11:54:02] EDIT TrackR/views/trackrctrl/DisplayMachLearnUnsup_IPANALYZED.html: 0
[2018-09-14 11:54:16] EDIT TrackR/views/trackrctrl/DisplayMachLearnUnsup_IPANALYZED.html: 0
[2018-09-14 11:56:19] EDIT TrackR/views/trackrctrl/DisplayMachLearnUnsup_IPANALYZED.html: 0
[2018-09-14 12:01:26] EDIT TrackR/views/trackrctrl/DisplayMachLearnUnsup_IPANALYZED.html: 0
[2018-09-14 12:02:16] EDIT TrackR/views/trackrctrl/DisplayMachLearnUnsup_IPANALYZED.html: 0
[2018-09-14 12:04:20] EDIT TrackR/views/trackrctrl/DisplayMachLearnUnsup_IPANALYZED.html: 0
[2018-09-14 12:08:41] EDIT TrackR/views/trackrctrl/DisplayMachLearnUnsup_IPANALYZED.html: 0
[2018-09-14 12:10:38] EDIT TrackR/views/trackrctrl/DisplayMachLearnUnsup_IPANALYZED.html: 0
[2018-09-14 12:11:53] EDIT TrackR/views/trackrctrl/DisplayMachLearnUnsup_IPANALYZED.html: 0
[2018-09-14 12:14:22] EDIT TrackR/views/trackrctrl/DisplayMachLearnUnsup_IPANALYZED.html: 0
[2018-09-14 12:16:20] EDIT TrackR/views/trackrctrl/DisplayMachLearnUnsup_IPANALYZED.html: 0
[2018-09-14 13:17:39] EDIT TrackR/views/trackrctrl/DisplayMachLearnUnsup_IPANALYZED.html: 0
[2018-09-14 13:18:46] EDIT TrackR/views/trackrctrl/DisplayMachLearnUnsup_IPANALYZED.html: 0
[2018-09-14 13:19:53] EDIT TrackR/views/trackrctrl/DisplayMachLearnUnsup_IPANALYZED.html: 0
[2018-09-14 13:22:14] EDIT TrackR/views/trackrctrl/DisplayMachLearnUnsup_IPANALYZED.html: 0
[2018-09-14 14:03:02] EDIT TrackR/views/trackrctrl/DisplayMachLearnUnsup_IPANALYZED.html: 0
[2018-09-14 14:04:26] EDIT TrackR/views/trackrctrl/DisplayMachLearnUnsup_IPANALYZED.html: 0
[2018-09-14 14:05:07] EDIT TrackR/views/trackrctrl/DisplayMachLearnUnsup_IPANALYZED.html: 0
[2018-09-14 14:07:16] EDIT TrackR/views/trackrctrl/DisplayMachLearnUnsup_IPANALYZED.html: 0
[2018-09-14 14:07:34] EDIT TrackR/views/trackrctrl/DisplayMachLearnUnsup_IPANALYZED.html: 0
[2018-09-14 14:08:33] EDIT TrackR/views/trackrctrl/DisplayMachLearnUnsup_IPANALYZED.html: 0
[2018-09-14 14:10:49] EDIT TrackR/views/trackrctrl/DisplayMachLearnUnsup_IPANALYZED.html: 0
[2018-09-14 14:15:50] EDIT TrackR/views/trackrctrl/DisplayMachLearnUnsup_IPANALYZED.html: 0
[2018-09-14 14:16:38] EDIT TrackR/views/trackrctrl/DisplayMachLearnUnsup_IPANALYZED.html: 0
[2018-09-14 14:18:00] EDIT TrackR/views/trackrctrl/DisplayMachLearnUnsup_IPANALYZED.html: 0
[2018-09-14 14:22:16] EDIT TrackR/views/trackrctrl/DisplayMachLearnUnsup_IPANALYZED.html: 7
[2018-09-14 14:22:25] EDIT TrackR/views/trackrctrl/DisplayMachLearnUnsup_IPANALYZED.html: 0
[2018-09-14 14:22:36] EDIT TrackR/views/trackrctrl/DisplayMachLearnUnsup_IPANALYZED.html: 0
[2018-09-14 14:23:15] EDIT TrackR/views/trackrctrl/DisplayMachLearnUnsup_IPANALYZED.html: 0
[2018-09-14 14:23:53] EDIT TrackR/views/trackrctrl/DisplayMachLearnUnsup_IPANALYZED.html: 0
[2018-09-14 14:27:43] EDIT TrackR/views/trackrctrl/DisplayMachLearnUnsup_IPANALYZED.html: 8
[2018-09-14 14:28:58] EDIT TrackR/views/trackrctrl/DisplayMachLearnUnsup_IPANALYZED.html: 0
[2018-09-14 14:29:34] EDIT TrackR/views/trackrctrl/DisplayMachLearnUnsup_IPANALYZED.html: 0
[2018-09-14 14:30:12] EDIT TrackR/views/trackrctrl/DisplayMachLearnUnsup_IPANALYZED.html: 0
[2018-09-14 14:31:22] EDIT TrackR/controllers/trackrctrl.py: 5
[2018-09-14 14:31:58] EDIT TrackR/controllers/trackrctrl.py: 0
[2018-09-14 14:33:52] EDIT TrackR/views/trackrctrl/DisplayMachLearnUnsup_IPANALYZED.html: 0
[2018-09-14 14:34:04] EDIT TrackR/views/trackrctrl/DisplayMachLearnUnsup_IPANALYZED.html: 0
[2018-09-14 14:34:14] EDIT TrackR/views/trackrctrl/DisplayMachLearnUnsup_IPANALYZED.html: 0
[2018-09-14 14:36:17] EDIT TrackR/views/trackrctrl/DisplayMachLearnUnsup_IPANALYZED.html: 0
[2018-09-14 14:37:05] EDIT TrackR/views/trackrctrl/DisplayMachLearnUnsup_IPANALYZED.html: 0
[2018-09-14 14:38:36] EDIT TrackR/controllers/trackrctrl.py: 0
[2018-09-14 14:39:34] EDIT TrackR/views/trackrctrl/DisplayMachLearnUnsup_IPANALYZED.html: 0
[2018-09-14 14:40:59] EDIT TrackR/views/trackrctrl/DisplayMachLearnUnsup_IPANALYZED.html: 0
[2018-09-14 14:41:32] EDIT TrackR/views/trackrctrl/DisplayMachLearnUnsup_IPANALYZED.html: 0
[2018-09-14 14:42:09] EDIT TrackR/views/trackrctrl/DisplayMachLearnUnsup_IPANALYZED.html: 0
[2018-09-14 14:42:45] EDIT TrackR/views/trackrctrl/DisplayMachLearnUnsup_IPANALYZED.html: 0
[2018-09-14 14:43:05] EDIT TrackR/views/trackrctrl/DisplayMachLearnUnsup_IPANALYZED.html: 0
[2018-09-14 14:44:42] EDIT TrackR/views/trackrctrl/DisplayMachLearnUnsup_IPANALYZED.html: 0
[2018-09-14 14:45:00] EDIT TrackR/views/trackrctrl/DisplayMachLearnUnsup_IPANALYZED.html: 0
[2018-09-14 14:45:41] EDIT TrackR/views/trackrctrl/DisplayMachLearnUnsup_IPANALYZED.html: 1
[2018-09-14 14:46:07] EDIT TrackR/views/trackrctrl/DisplayMachLearnUnsup_IPANALYZED.html: 0
[2018-09-14 14:49:39] EDIT TrackR/controllers/trackrctrl.py: 0
[2018-09-14 14:51:06] EDIT TrackR/views/trackrctrl/DisplayMachLearnUnsup_IPANALYZED.html: 0
[2018-09-14 14:55:27] EDIT TrackR/views/trackrctrl/DisplayMachLearnUnsup_IPANALYZED.html: 0
[2018-09-14 14:56:29] EDIT TrackR/views/trackrctrl/DisplayMachLearnUnsup_IPANALYZED.html: 0
[2018-09-14 15:00:22] EDIT TrackR/views/trackrctrl/DisplayMachLearnUnsup_IPANALYZED.html: 1
[2018-09-14 15:01:00] EDIT TrackR/controllers/trackrctrl.py: 0
[2018-09-14 15:05:17] EDIT TrackR/views/trackrctrl/DisplayMachLearnUnsup_IPANALYZED.html: -2
[2018-09-14 15:07:21] EDIT TrackR/views/trackrctrl/DisplayMachLearnUnsup_IPANALYZED.html: 0
[2018-09-14 15:11:25] EDIT TrackR/views/trackrctrl/DisplayMachLearnUnsup_IPANALYZED.html: 0
[2018-09-14 15:14:28] EDIT TrackR/views/trackrctrl/DisplayMachLearnUnsup_IPANALYZED.html: 22
[2018-09-14 15:14:43] EDIT TrackR/views/trackrctrl/DisplayMachLearnUnsup_IPANALYZED.html: 0
[2018-09-14 15:15:30] EDIT TrackR/views/trackrctrl/DisplayMachLearnUnsup_IPANALYZED.html: 0
[2018-09-14 15:21:19] EDIT TrackR/views/trackrctrl/DisplayMachLearnUnsup_IPANALYZED.html: 0
[2018-09-14 15:23:18] EDIT TrackR/views/trackrctrl/DisplayMachLearnUnsup_IPANALYZED.html: 1
[2018-09-14 15:24:01] EDIT TrackR/views/trackrctrl/DisplayMachLearnUnsup_IPANALYZED.html: 0
[2018-09-14 15:25:35] EDIT TrackR/views/trackrctrl/DisplayMachLearnUnsup_IPANALYZED.html: -4
[2018-09-14 15:29:43] EDIT TrackR/views/trackrctrl/DisplayMachLearnUnsup_IPANALYZED.html: 0
[2018-09-14 15:32:38] EDIT TrackR/views/trackrctrl/DisplayMachLearnUnsup_IPANALYZED.html: 1
[2018-09-14 15:33:53] EDIT TrackR/views/trackrctrl/DisplayMachLearnUnsup_IPANALYZED.html: 0
[2018-09-14 15:35:10] EDIT TrackR/views/trackrctrl/DisplayMachLearnUnsup_IPANALYZED.html: 0
[2018-09-14 15:36:38] EDIT TrackR/views/trackrctrl/DisplayMachLearnUnsup_IPANALYZED.html: -7
[2018-09-14 15:36:41] EDIT TrackR/views/trackrctrl/DisplayMachLearnUnsup_IPANALYZED.html: 0
[2018-09-14 15:37:13] EDIT TrackR/views/trackrctrl/DisplayMachLearnUnsup_IPANALYZED.html: 0
[2018-09-14 15:41:40] EDIT TrackR/views/trackrctrl/DisplayMachLearnUnsup_IPANALYZED.html: 0
[2018-09-14 15:43:35] EDIT TrackR/views/trackrctrl/DisplayMachLearnUnsup_IPANALYZED.html: 1
[2018-09-14 15:44:46] EDIT TrackR/views/trackrctrl/DisplayMachLearnUnsup_IPANALYZED.html: 0
[2018-09-14 15:47:05] EDIT TrackR/views/trackrctrl/DisplayMachLearnUnsup_IPANALYZED.html: 1
[2018-09-14 15:49:16] EDIT TrackR/views/trackrctrl/DisplayMachLearnUnsup_IPANALYZED.html: 0
[2018-09-14 15:57:11] EDIT TrackR/views/trackrctrl/DisplayMachLearnUnsup_OTHSEC.html: 40
[2018-09-14 16:00:00] EDIT TrackR/views/trackrctrl/DisplayMachLearnUnsup_OTHSEC.html: 0
[2018-09-14 16:01:49] EDIT TrackR/views/trackrctrl/DisplayMachLearnUnsup_OTHSEC.html: 0
[2018-09-14 16:06:17] EDIT TrackR/views/trackrctrl/DisplayMachLearnUnsup_IPANALYZED.html: 1
[2018-09-14 16:06:53] EDIT TrackR/views/trackrctrl/DisplayMachLearnUnsup_OTHSEC.html: 1
[2018-09-14 16:06:58] EDIT TrackR/views/trackrctrl/DisplayMachLearnUnsup_OTHSEC.html: 0
[2018-09-14 16:07:20] EDIT TrackR/views/trackrctrl/DisplayMachLearnUnsup_OTHSEC.html: 0
[2018-09-14 16:08:21] EDIT TrackR/views/trackrctrl/DisplayMachLearnUnsup_OTHSEC.html: 0
[2018-09-14 16:09:02] EDIT TrackR/views/trackrctrl/DisplayMachLearnUnsup_OTHSEC.html: 0
[2018-09-14 16:09:23] EDIT TrackR/views/trackrctrl/DisplayMachLearnUnsup_IPANALYZED.html: 0
[2018-09-14 16:11:24] EDIT TrackR/views/trackrctrl/DisplayMachLearnUnsup_IPANALYZED.html: 0
[2018-09-14 16:11:27] EDIT TrackR/views/trackrctrl/DisplayMachLearnUnsup_IPANALYZED.html: 0
[2018-09-14 16:12:57] EDIT TrackR/views/trackrctrl/DisplayMachLearnUnsup_IPANALYZED.html: 0
[2018-09-14 16:14:05] EDIT TrackR/views/trackrctrl/DisplayMachLearnUnsup_IPANALYZED.html: 0
[2018-09-14 16:14:21] EDIT TrackR/views/trackrctrl/DisplayMachLearnUnsup_IPANALYZED.html: 0
[2018-09-14 16:15:19] EDIT TrackR/views/trackrctrl/DisplayMachLearnUnsup_IPANALYZED.html: 0
[2018-09-14 16:17:27] EDIT TrackR/views/trackrctrl/DisplayMachLearnUnsup_IPANALYZED.html: 0
[2018-09-14 16:21:20] EDIT TrackR/views/trackrctrl/DisplayMachLearnUnsup_IPANALYZED.html: 0
[2018-09-14 16:22:00] EDIT TrackR/views/trackrctrl/DisplayMachLearnUnsup_IPANALYZED.html: 0
[2018-09-14 16:24:40] EDIT TrackR/views/trackrctrl/DisplayMachLearnUnsup_IPANALYZED.html: -15
[2018-09-14 16:26:11] EDIT TrackR/views/trackrctrl/DisplayMachLearnUnsup_IPANALYZED.html: 0
[2018-09-14 16:26:38] EDIT TrackR/views/trackrctrl/DisplayMachLearnUnsup_OTHSEC.html: -15
[2018-09-14 16:26:46] EDIT TrackR/views/trackrctrl/DisplayMachLearnUnsup_OTHSEC.html: 0
[2018-09-14 16:28:19] EDIT TrackR/views/trackrctrl/DisplayMachLearnUnsup_OTHSEC.html: 3
[2018-09-14 16:28:56] EDIT TrackR/views/trackrctrl/DisplayMachLearnUnsup_OTHSEC.html: 0
[2018-09-14 16:29:04] EDIT TrackR/views/trackrctrl/DisplayMachLearnUnsup_OTHSEC.html: 0
[2018-09-14 16:29:56] EDIT TrackR/views/trackrctrl/DisplayMachLearnUnsup_IPANALYZED.html: 3
[2018-09-14 16:30:20] EDIT TrackR/views/trackrctrl/DisplayMachLearnUnsup_IPANALYZED.html: 0
[2018-09-14 16:31:42] EDIT TrackR/views/trackrctrl/DisplayMachLearnUnsup_OTHSEC.html: 0
[2018-09-14 16:32:11] EDIT TrackR/views/trackrctrl/DisplayMachLearnUnsup_OTHSEC.html: 0
[2018-09-14 16:33:41] EDIT TrackR/views/trackrctrl/DisplayMachLearnUnsup_IPANALYZED.html: 0
[2018-09-14 16:33:56] EDIT TrackR/views/trackrctrl/DisplayMachLearnUnsup_OTHSEC.html: 0
[2018-09-14 16:34:11] EDIT TrackR/views/trackrctrl/DisplayMachLearnUnsup_IPANALYZED.html: 0
[2018-09-18 11:00:04] EDIT TrackR/controllers/trackrctrl.py: 0
[2018-09-18 11:00:17] EDIT TrackR/views/trackrctrl/DisplayMachLearnKNN_OTHSEC.html: 0
[2018-09-18 11:20:13] EDIT TrackR/controllers/trackrctrl.py: 2
[2018-09-18 11:22:57] EDIT TrackR/controllers/trackrctrl.py: 0
[2018-09-18 11:44:40] EDIT TrackR/controllers/trackrctrl.py: 0
[2018-09-18 11:53:27] EDIT TrackR/controllers/trackrctrl.py: 0
[2018-09-18 11:54:06] EDIT TrackR/controllers/trackrctrl.py: 0
[2018-09-18 11:55:25] EDIT TrackR/views/trackrctrl/DisplayMachLearnKNN_OTHSEC.html: 0
[2018-09-18 12:02:19] EDIT TrackR/views/trackrctrl/DisplayMachLearnKNN_OTHSEC.html: 0
[2018-09-18 12:02:35] EDIT TrackR/views/trackrctrl/DisplayMachLearnKNN_OTHSEC.html: 0
[2018-09-18 12:04:46] EDIT TrackR/controllers/trackrctrl.py: 0
[2018-09-18 12:09:11] EDIT TrackR/controllers/trackrctrl.py: 0
[2018-09-18 12:16:47] EDIT TrackR/controllers/trackrctrl.py: 0
[2018-09-18 12:17:37] EDIT TrackR/controllers/trackrctrl.py: 0
[2018-09-18 12:18:57] EDIT TrackR/controllers/trackrctrl.py: 0
[2018-09-18 12:19:43] EDIT TrackR/controllers/trackrctrl.py: 0
[2018-09-18 12:33:26] EDIT TrackR/controllers/trackrctrl.py: 3
[2018-09-18 12:42:25] EDIT TrackR/controllers/trackrctrl.py: 4
[2018-09-18 12:42:35] EDIT TrackR/controllers/trackrctrl.py: 0
[2018-09-18 12:42:50] EDIT TrackR/controllers/trackrctrl.py: 0
[2018-09-18 12:43:50] EDIT TrackR/controllers/trackrctrl.py: 0
[2018-09-18 12:45:05] EDIT TrackR/controllers/trackrctrl.py: 0
[2018-09-18 12:47:11] EDIT TrackR/controllers/trackrctrl.py: 0
[2018-09-18 12:49:07] EDIT TrackR/controllers/trackrctrl.py: 0
[2018-09-18 12:49:59] EDIT TrackR/controllers/trackrctrl.py: 0
[2018-09-18 12:55:51] EDIT TrackR/controllers/trackrctrl.py: 1
[2018-09-18 13:00:44] EDIT TrackR/controllers/trackrctrl.py: 0
[2018-09-18 13:06:22] EDIT TrackR/controllers/trackrctrl.py: 0
[2018-09-18 13:10:37] EDIT TrackR/controllers/trackrctrl.py: 0
[2018-09-18 14:00:34] EDIT TrackR/controllers/trackrctrl.py: 0
[2018-09-18 14:02:20] EDIT TrackR/controllers/trackrctrl.py: 0
[2018-09-18 14:12:11] EDIT TrackR/controllers/trackrctrl.py: 0
[2018-09-18 14:17:05] EDIT TrackR/controllers/trackrctrl.py: 0
[2018-09-18 14:21:37] EDIT TrackR/controllers/trackrctrl.py: 0
[2018-09-18 14:22:04] EDIT TrackR/controllers/trackrctrl.py: 0
[2018-09-18 14:22:46] EDIT TrackR/controllers/trackrctrl.py: 1
[2018-09-18 14:22:58] EDIT TrackR/controllers/trackrctrl.py: 0
[2018-09-18 14:23:49] EDIT TrackR/controllers/trackrctrl.py: 1
[2018-09-18 14:24:30] EDIT TrackR/controllers/trackrctrl.py: 1
[2018-09-18 14:24:49] EDIT TrackR/controllers/trackrctrl.py: 0
[2018-09-18 14:28:50] EDIT TrackR/controllers/trackrctrl.py: 0
[2018-09-18 14:34:00] EDIT TrackR/controllers/trackrctrl.py: 0
[2018-09-18 14:40:30] EDIT TrackR/controllers/trackrctrl.py: 1
[2018-09-18 14:46:22] EDIT TrackR/controllers/trackrctrl.py: 0
[2018-09-18 15:05:13] EDIT TrackR/controllers/trackrctrl.py: 3
[2018-09-18 15:10:09] EDIT TrackR/controllers/trackrctrl.py: 0
[2018-09-18 15:14:15] EDIT TrackR/controllers/trackrctrl.py: 1
[2018-09-18 15:19:52] EDIT TrackR/controllers/trackrctrl.py: 1
[2018-09-18 15:24:17] EDIT TrackR/controllers/trackrctrl.py: 0
[2018-09-18 15:25:15] EDIT TrackR/controllers/trackrctrl.py: 0
[2018-09-18 15:29:39] EDIT TrackR/controllers/trackrctrl.py: 0
[2018-09-18 15:31:22] EDIT TrackR/controllers/trackrctrl.py: 4
[2018-09-18 15:33:40] EDIT TrackR/controllers/trackrctrl.py: 2
[2018-09-18 15:35:10] EDIT TrackR/controllers/trackrctrl.py: 2
[2018-09-18 15:35:19] EDIT TrackR/controllers/trackrctrl.py: 0
[2018-09-18 15:42:11] EDIT TrackR/controllers/trackrctrl.py: 1
[2018-09-18 15:42:20] EDIT TrackR/controllers/trackrctrl.py: 0
[2018-09-18 15:53:23] EDIT TrackR/controllers/trackrctrl.py: 5
[2018-09-18 15:55:20] EDIT TrackR/controllers/trackrctrl.py: -11
[2018-09-18 16:03:31] EDIT TrackR/controllers/othsec.py: 4
[2018-09-18 16:10:35] EDIT TrackR/views/trackrctrl/DisplayMachLearnUnsup_IPANALYZED.html: 0
[2018-09-18 16:11:13] EDIT TrackR/controllers/trackrctrl.py: 0
[2018-09-18 16:23:42] EDIT TrackR/controllers/trackrctrl.py: -1
[2018-09-18 16:24:54] EDIT TrackR/controllers/trackrctrl.py: 1
[2018-09-18 16:42:03] EDIT TrackR/controllers/trackrctrl.py: 0
[2018-09-18 17:00:48] EDIT TrackR/controllers/trackrctrl.py: 0
[2018-09-18 17:04:58] EDIT TrackR/controllers/trackrctrl.py: 0
[2018-09-18 17:05:00] EDIT TrackR/controllers/trackrctrl.py: 0
[2018-09-18 17:09:47] EDIT TrackR/controllers/trackrctrl.py: 0
[2018-09-18 17:10:23] EDIT TrackR/controllers/trackrctrl.py: 0
[2018-09-18 17:13:56] EDIT TrackR/controllers/trackrctrl.py: 0
[2018-09-18 17:15:50] EDIT TrackR/controllers/trackrctrl.py: 0
[2018-09-18 17:20:18] EDIT TrackR/controllers/trackrctrl.py: -4
[2018-09-18 17:21:11] EDIT TrackR/controllers/trackrctrl.py: -3
[2018-09-18 17:25:17] EDIT TrackR/controllers/trackrctrl.py: 0
[2018-09-18 17:25:51] EDIT TrackR/controllers/trackrctrl.py: 0
[2018-09-18 17:29:12] EDIT TrackR/controllers/trackrctrl.py: -1
[2018-09-18 17:29:40] EDIT TrackR/views/trackrctrl/DisplayMachLearnKNN_OTHSEC.html: 0
[2018-09-18 17:29:57] EDIT TrackR/views/trackrctrl/DisplayMachLearnKNN_OTHSEC.html: 0
[2018-09-18 17:30:56] EDIT TrackR/views/trackrctrl/DisplayMachLearnKNN_OTHSEC.html: 0
[2018-09-19 10:09:53] CREATE trackrctrl/DisplayMachLearnKNN_IPANALYZED.html: 0
[2018-09-19 10:11:09] EDIT TrackR/views/trackrctrl/DisplayMachLearnKNN_IPANALYZED.html: 116
[2018-09-19 10:13:31] EDIT TrackR/controllers/default.py: 22
[2018-09-19 10:14:19] EDIT TrackR/controllers/default.py: 0
[2018-09-19 10:16:49] EDIT TrackR/views/default/webrtc.html: 12
[2018-09-19 10:17:16] EDIT TrackR/views/default/webrtc.html: -3
[2018-09-19 10:36:42] EDIT TrackR/views/default/webrtc.html: 0
[2018-09-19 10:37:28] EDIT TrackR/views/default/webrtc.html: 0
[2018-09-19 10:37:33] EDIT TrackR/views/default/webrtc.html: 0
[2018-09-19 10:40:35] EDIT TrackR/views/default/webrtc.html: 0
[2018-09-19 10:41:00] EDIT TrackR/views/default/webrtc.html: 0
[2018-09-19 10:41:48] EDIT TrackR/views/default/webrtc.html: 0
[2018-09-19 10:43:55] EDIT TrackR/controllers/default.py: 0
[2018-09-19 10:45:37] EDIT TrackR/views/default/webrtc.html: -1
[2018-09-19 10:45:56] EDIT TrackR/views/default/webrtc.html: 0
[2018-09-19 10:47:07] EDIT TrackR/views/default/webrtc.html: 0
[2018-09-19 10:49:04] CREATE default/webrtc_slave.html: 0
[2018-09-19 10:49:24] EDIT TrackR/controllers/default.py: 0
[2018-09-19 10:49:39] CREATE default/webrtc_master.html: 0
[2018-09-19 10:49:54] EDIT TrackR/views/default/webrtc_master.html: 10
[2018-09-19 10:50:17] EDIT TrackR/views/default/webrtc_master.html: -1
[2018-09-19 10:50:35] EDIT TrackR/views/default/webrtc_slave.html: 10
[2018-09-19 10:51:23] CREATE default/demortc.html: 0
[2018-09-19 10:52:49] EDIT TrackR/views/default/demortc.html: 125
[2018-09-19 10:53:36] EDIT TrackR/views/default/webrtc.html: 0
[2018-09-19 10:54:10] EDIT TrackR/views/default/webrtc.html: 0
[2018-09-19 10:59:35] EDIT TrackR/controllers/default.py: 0
[2018-09-19 10:59:43] EDIT TrackR/controllers/default.py: 0
[2018-09-19 11:01:49] EDIT TrackR/views/default/webrtc.html: 0
[2018-09-19 11:02:52] EDIT TrackR/views/default/webrtc.html: -1
[2018-09-19 11:03:03] EDIT TrackR/views/default/webrtc.html: 0
[2018-09-19 11:03:13] EDIT TrackR/views/default/webrtc.html: 0
[2018-09-19 11:03:23] EDIT TrackR/views/default/webrtc.html: 0
[2018-09-19 11:05:57] EDIT TrackR/views/default/webrtc.html: 0
[2018-09-19 11:06:48] EDIT TrackR/controllers/default.py: 1
[2018-09-19 11:07:24] EDIT TrackR/controllers/default.py: 0
[2018-09-19 11:08:59] EDIT TrackR/controllers/default.py: 0
[2018-09-19 11:10:09] EDIT TrackR/controllers/default.py: 0
[2018-09-19 11:11:12] EDIT TrackR/controllers/default.py: -1
[2018-09-19 11:12:34] EDIT TrackR/controllers/default.py: 0
[2018-09-19 11:14:04] EDIT TrackR/views/default/exec_webrtc.html: 0
[2018-09-19 11:14:10] EDIT TrackR/views/default/exec_webrtc.html: 0
[2018-09-19 11:14:47] EDIT TrackR/views/default/exec_webrtc.html: 0
[2018-09-19 11:15:41] EDIT TrackR/views/default/exec_webrtc.html: -1
[2018-09-19 11:15:49] EDIT TrackR/views/default/exec_webrtc.html: -2
[2018-09-19 11:17:32] EDIT TrackR/controllers/default.py: 0
[2018-09-19 11:18:55] EDIT TrackR/models/menu.py: 0
[2018-09-19 11:19:18] EDIT TrackR/models/menu.py: 0
[2018-09-19 11:42:41] EDIT TrackR/static/js/adapter.js: 0
[2018-09-19 11:42:47] EDIT TrackR/static/js/adapter.js: 0
[2018-09-19 11:43:58] EDIT TrackR/static/js/rtc.js: 0
[2018-09-19 11:44:41] EDIT TrackR/static/js/rtc.js: 0
[2018-09-19 11:46:56] EDIT TrackR/views/default/webrtc_master.html: 0
[2018-09-19 11:47:18] EDIT TrackR/views/default/webrtc_master.html: 0
[2018-09-19 11:47:48] EDIT TrackR/views/default/webrtc_master.html: 0
[2018-09-19 11:47:55] EDIT TrackR/views/default/webrtc_slave.html: 0
[2018-09-19 11:48:55] EDIT TrackR/views/default/webrtc_slave.html: 0
[2018-09-19 11:48:57] EDIT TrackR/views/default/webrtc_master.html: 0
[2018-09-19 11:49:00] EDIT TrackR/views/default/webrtc_slave.html: 0
[2018-09-19 11:49:12] EDIT TrackR/controllers/default.py: 0
[2018-09-19 11:58:33] EDIT TrackR/models/db.py: 1
[2018-09-19 12:00:53] EDIT TrackR/models/db.py: 0
[2018-09-19 12:10:54] EDIT TrackR/views/default/exec_webrtc.html: 1
[2018-09-19 12:11:38] EDIT TrackR/controllers/default.py: -2
[2018-09-19 12:14:49] EDIT TrackR/controllers/default.py: 0
[2018-09-19 12:19:08] EDIT TrackR/views/default/webrtc_master.html: 0
[2018-09-19 12:21:33] EDIT TrackR/controllers/default.py: 1
[2018-09-19 12:39:57] EDIT TrackR/controllers/default.py: 0
[2018-09-19 12:46:52] EDIT TrackR/static/js/slave_rtc.js: 0
[2018-09-19 12:47:04] EDIT TrackR/static/js/master_rtc.js: 0
[2018-09-19 12:47:34] EDIT TrackR/static/js/master_rtc.js: 0
[2018-09-19 12:47:37] EDIT TrackR/static/js/slave_rtc.js: 0
[2018-09-19 12:49:15] EDIT TrackR/controllers/trackrctrl.py: 0
[2018-09-19 12:49:20] EDIT TrackR/views/default/webrtc_master.html: 0
[2018-09-19 12:49:35] EDIT TrackR/views/default/webrtc_slave.html: 0
[2018-09-19 12:50:25] EDIT TrackR/views/default/webrtc_slave.html: 0
[2018-09-19 12:50:52] EDIT TrackR/views/default/webrtc_slave.html: 0
[2018-09-19 12:55:25] EDIT TrackR/static/js/master_rtc.js: 0
[2018-09-19 12:55:44] EDIT TrackR/static/js/slave_rtc.js: 0
[2018-09-19 12:57:38] EDIT TrackR/static/js/slave_rtc.js: 0
[2018-09-19 12:58:07] EDIT TrackR/static/js/master_rtc.js: 0
[2018-09-19 12:59:40] EDIT TrackR/static/js/master_rtc.js: 0
[2018-09-19 13:00:02] EDIT TrackR/static/js/slave_rtc.js: 0
[2018-09-19 16:46:13] EDIT TrackR/static/js/master_rtc.js: 0
[2018-09-19 16:46:41] EDIT TrackR/static/js/slave_rtc.js: 0
[2018-09-19 16:46:51] EDIT TrackR/static/js/slave_rtc.js: 0
[2018-09-19 16:47:02] EDIT TrackR/static/js/master_rtc.js: 0
[2018-09-19 16:47:38] EDIT TrackR/static/js/master_rtc.js: 0
[2018-09-19 17:04:47] EDIT TrackR/static/js/rtc.js: 0
[2018-09-19 17:08:04] EDIT TrackR/views/default/webrtc.html: 0
[2018-09-19 17:09:58] EDIT TrackR/views/default/webrtc_master.html: 1
[2018-09-19 17:10:42] EDIT TrackR/views/default/webrtc_master.html: 0
[2018-09-19 17:11:51] EDIT TrackR/views/default/webrtc_master.html: 0
[2018-09-19 17:14:04] EDIT TrackR/static/js/rtc.js: 0
[2018-09-19 17:14:21] EDIT TrackR/static/js/rtc.js: 0
[2018-09-19 17:15:09] EDIT TrackR/static/js/rtc.js: 0
[2018-09-19 17:15:13] EDIT TrackR/static/js/rtc.js: 0
[2018-09-19 17:17:39] EDIT TrackR/views/default/webrtc_slave.html: 0
[2018-09-19 17:18:51] EDIT TrackR/static/js/rtc.js: 0
[2018-09-20 09:31:14] EDIT TrackR/controllers/default.py: 0
[2018-09-20 09:31:44] EDIT TrackR/controllers/default.py: 0
[2018-09-20 09:33:20] EDIT TrackR/controllers/default.py: 1
[2018-09-20 09:33:26] EDIT TrackR/controllers/default.py: 0
[2018-09-20 09:34:40] EDIT TrackR/controllers/default.py: 1
[2018-09-20 09:36:11] EDIT TrackR/controllers/default.py: 0
[2018-09-20 09:36:17] EDIT TrackR/static/js/rtc.js: 0
[2018-09-20 09:36:31] EDIT TrackR/static/js/rtc.js: 0
[2018-09-20 09:40:38] EDIT TrackR/static/js/rtc.js: 0
[2018-09-20 09:49:18] EDIT TrackR/views/default/webrtc_master.html: 0
[2018-09-20 09:57:37] EDIT TrackR/views/default/webrtc.html: 0
[2018-09-20 10:04:31] EDIT TrackR/controllers/default.py: 3
[2018-09-20 10:05:05] EDIT TrackR/static/js/master_rtc.js: 0
[2018-09-20 10:05:51] EDIT TrackR/views/default/webrtc.html: 0
[2018-09-20 10:11:40] EDIT TrackR/views/default/webrtc.html: -1
[2018-09-20 10:13:52] EDIT TrackR/views/default/webrtc.html: 0
[2018-09-20 10:14:31] EDIT TrackR/controllers/default.py: 1
[2018-09-20 10:15:20] EDIT TrackR/controllers/default.py: 0
[2018-09-20 10:15:59] EDIT TrackR/views/default/webrtc.html: 0
[2018-09-20 10:18:11] EDIT TrackR/views/default/webrtc_master.html: 1
[2018-09-20 10:21:52] EDIT TrackR/views/default/webrtc_slave.html: 1
[2018-09-20 10:22:52] EDIT TrackR/controllers/default.py: 0
[2018-09-20 10:23:25] EDIT TrackR/views/default/webrtc_master.html: 0
[2018-09-20 15:54:09] EDIT TrackR/models/0.py: 0
[2018-09-20 15:54:41] EDIT TrackR/models/db.py: 0
[2018-09-20 16:47:38] EDIT TrackR/models/db.py: 1
[2018-09-21 12:07:20] EDIT TrackR/views/default/index.html: 0
[2018-09-21 14:28:28] EDIT TrackR/views/othsec/DisplayXtermFormSnifferAndGeolocMap.html: 1
[2018-09-21 14:29:01] EDIT TrackR/views/othsec/DisplayXtermFormSnifferAndGeolocMap.html: 2
[2018-09-21 14:29:30] EDIT TrackR/views/othsec/DisplayXtermFormSnifferAndGeolocMap.html: 2
[2018-09-21 14:30:44] EDIT TrackR/views/othsec/DisplayXtermFormSnifferAndGeolocMap.html: 1
[2018-09-21 14:33:00] EDIT TrackR/views/othsec/DisplayXtermFormSnifferAndGeolocMap.html: 1
[2018-09-21 14:33:18] EDIT TrackR/views/othsec/DisplayXtermFormSnifferAndGeolocMap.html: 0
[2018-09-21 14:33:24] EDIT TrackR/views/othsec/DisplayXtermFormSnifferAndGeolocMap.html: 0
[2018-09-21 14:37:07] EDIT TrackR/views/othsec/DisplayXtermFormSnifferAndGeolocMap.html: 7
[2018-09-21 14:39:19] EDIT TrackR/views/othsec/DisplayXtermFormSnifferAndGeolocMap.html: 0
[2018-09-21 14:50:58] EDIT TrackR/views/othsec/DisplayXtermFormSnifferAndGeolocMap.html: 5
[2018-09-21 14:57:04] EDIT TrackR/views/othsec/DisplayXtermFormSnifferAndGeolocMap.html: 1
[2018-09-21 14:57:13] EDIT TrackR/views/othsec/DisplayXtermFormSnifferAndGeolocMap.html: 0
[2018-09-21 14:59:10] EDIT TrackR/views/othsec/DisplayXtermFormSnifferAndGeolocMap.html: 0
[2018-09-21 15:04:36] EDIT TrackR/views/othsec/DisplayXtermFormSnifferAndGeolocMap.html: 2
[2018-09-21 15:05:13] EDIT TrackR/views/othsec/DisplayXtermFormSnifferAndGeolocMap.html: 0
[2018-09-21 15:07:44] EDIT TrackR/views/othsec/DisplayXtermFormSnifferAndGeolocMap.html: 0
[2018-09-21 15:09:19] EDIT TrackR/views/othsec/DisplayXtermFormSnifferAndGeolocMap.html: 0
[2018-09-21 15:10:29] EDIT TrackR/views/othsec/DisplayXtermFormSnifferAndGeolocMap.html: 0
[2018-09-21 15:15:17] EDIT TrackR/views/othsec/DisplayXtermFormSnifferAndGeolocMap.html: 0
[2018-09-21 15:15:46] EDIT TrackR/views/othsec/DisplayXtermFormSnifferAndGeolocMap.html: 0
[2018-09-21 15:16:35] EDIT TrackR/views/othsec/DisplayXtermFormSnifferAndGeolocMap.html: 0
[2018-09-21 15:17:36] EDIT TrackR/views/othsec/DisplayXtermFormSnifferAndGeolocMap.html: 0
[2018-09-21 15:19:10] EDIT TrackR/views/othsec/DisplayXtermFormSnifferAndGeolocMap.html: -2
[2018-09-21 15:21:11] EDIT TrackR/views/othsec/DisplayXtermFormSnifferAndGeolocMap.html: 0
[2018-09-21 15:22:42] EDIT TrackR/views/othsec/DisplayXtermFormSnifferAndGeolocMap.html: 0
[2018-09-21 15:26:28] EDIT TrackR/views/othsec/DisplayXtermFormSnifferAndGeolocMap.html: 3
[2018-09-21 15:27:16] EDIT TrackR/views/othsec/DisplayXtermFormSnifferAndGeolocMap.html: 3
[2018-09-21 15:29:09] EDIT TrackR/views/othsec/DisplayXtermFormSnifferAndGeolocMap.html: 0
[2018-09-21 15:29:19] EDIT TrackR/views/othsec/DisplayXtermFormSnifferAndGeolocMap.html: 0
[2018-09-21 15:30:46] EDIT TrackR/views/othsec/DisplayXtermFormSnifferAndGeolocMap.html: 0
[2018-09-21 15:32:51] EDIT TrackR/views/othsec/DisplayXtermFormSnifferAndGeolocMap.html: 0
[2018-09-21 15:35:28] EDIT TrackR/views/othsec/DisplayXtermFormSnifferAndGeolocMap.html: 0
[2018-09-21 15:36:08] EDIT TrackR/views/othsec/DisplayXtermFormSnifferAndGeolocMap.html: 0
[2018-09-21 15:36:56] EDIT TrackR/views/othsec/DisplayXtermFormSnifferAndGeolocMap.html: 0
[2018-09-21 15:38:17] EDIT TrackR/views/othsec/DisplayXtermFormSnifferAndGeolocMap.html: 0
[2018-09-21 15:38:55] EDIT TrackR/views/othsec/DisplayXtermFormSnifferAndGeolocMap.html: 0
[2018-09-21 15:41:11] EDIT TrackR/views/othsec/DisplayXtermFormSnifferAndGeolocMap.html: 1
[2018-09-21 15:43:17] EDIT TrackR/views/othsec/DisplayXtermFormSnifferAndGeolocMap.html: 0
[2018-09-21 15:44:34] EDIT TrackR/views/othsec/DisplayXtermFormSnifferAndGeolocMap.html: 0
[2018-09-21 15:45:30] EDIT TrackR/views/othsec/DisplayXtermFormSnifferAndGeolocMap.html: 0
[2018-09-21 15:49:56] EDIT TrackR/views/othsec/DisplayXtermFormSnifferAndGeolocMap.html: 0
[2018-09-21 15:50:11] EDIT TrackR/views/othsec/DisplayXtermFormSnifferAndGeolocMap.html: 0
[2018-09-21 15:55:18] EDIT TrackR/views/othsec/DisplayXtermFormSnifferAndGeolocMap.html: 0
[2018-09-21 16:01:02] EDIT TrackR/views/othsec/DisplayXtermFormSnifferAndGeolocMap.html: 9
[2018-09-21 16:02:52] EDIT TrackR/views/othsec/DisplayXtermFormSnifferAndGeolocMap.html: 0
[2018-09-21 16:03:42] EDIT TrackR/views/othsec/DisplayXtermFormSnifferAndGeolocMap.html: 0
